<?xml version="1.0" encoding="UTF-8" ?>
<testsuite errors="10" failures="0" hostname="laptop-n4110" name="forotallersd.FileSpec" tests="10" time="0.731" timestamp="2015-10-22T20:11:31">
  <properties />
  <testcase classname="forotallersd.FileSpec" name="test File attribute fileType: null, field: null, valid: false" time="0.235">
    <error message="Exception thrown applying constraint [max] to class [class forotallersd.File] for value [10000000]: Parameter for constraint [max] of property [size] of class [class forotallersd.File] must be the same type as property: [double]" type="org.codehaus.groovy.grails.validation.exceptions.ConstraintException">org.codehaus.groovy.grails.validation.exceptions.ConstraintException: Exception thrown applying constraint [max] to class [class forotallersd.File] for value [10000000]: Parameter for constraint [max] of property [size] of class [class forotallersd.File] must be the same type as property: [double]
	at forotallersd.File._clinit__closure1(File.groovy:11)
	at grails.test.MockUtils.addValidateMethod(MockUtils.groovy:961)
	at grails.test.MockUtils.prepareForConstraintsTests(MockUtils.groovy:573)
	at grails.test.runtime.GrailsApplicationTestPlugin.mockForConstraintsTests(GrailsApplicationTestPlugin.groovy:252)
	at grails.test.runtime.GrailsApplicationTestPlugin.onTestEvent(GrailsApplicationTestPlugin.groovy:354)
	at grails.test.runtime.TestRuntime.deliverEvent(TestRuntime.groovy:295)
	at grails.test.runtime.TestRuntime.processEvents(TestRuntime.groovy:264)
	at grails.test.runtime.TestRuntime.doPublishEvent(TestRuntime.groovy:248)
	at grails.test.runtime.TestRuntime.publishEvent(TestRuntime.groovy:211)
	at grails.test.mixin.support.GrailsUnitTestMixin.mockForConstraintsTests(GrailsUnitTestMixin.groovy:56)
	at grails.test.mixin.support.GrailsUnitTestMixin.mockForConstraintsTests(GrailsUnitTestMixin.groovy:55)
	at forotallersd.FileSpec.setup(FileSpec.groovy:14)
Caused by: java.lang.IllegalArgumentException: Parameter for constraint [max] of property [size] of class [class forotallersd.File] must be the same type as property: [double]
</error>
  </testcase>
  <testcase classname="forotallersd.FileSpec" name="test File attribute fileType: /a, field: matches, valid: false" time="0.061">
    <error message="Exception thrown applying constraint [max] to class [class forotallersd.File] for value [10000000]: Parameter for constraint [max] of property [size] of class [class forotallersd.File] must be the same type as property: [double]" type="org.codehaus.groovy.grails.validation.exceptions.ConstraintException">org.codehaus.groovy.grails.validation.exceptions.ConstraintException: Exception thrown applying constraint [max] to class [class forotallersd.File] for value [10000000]: Parameter for constraint [max] of property [size] of class [class forotallersd.File] must be the same type as property: [double]
	at forotallersd.File._clinit__closure1(File.groovy:11)
	at grails.test.MockUtils.addValidateMethod(MockUtils.groovy:961)
	at grails.test.MockUtils.prepareForConstraintsTests(MockUtils.groovy:573)
	at grails.test.runtime.GrailsApplicationTestPlugin.mockForConstraintsTests(GrailsApplicationTestPlugin.groovy:252)
	at grails.test.runtime.GrailsApplicationTestPlugin.onTestEvent(GrailsApplicationTestPlugin.groovy:354)
	at grails.test.runtime.TestRuntime.deliverEvent(TestRuntime.groovy:295)
	at grails.test.runtime.TestRuntime.processEvents(TestRuntime.groovy:264)
	at grails.test.runtime.TestRuntime.doPublishEvent(TestRuntime.groovy:248)
	at grails.test.runtime.TestRuntime.publishEvent(TestRuntime.groovy:211)
	at grails.test.mixin.support.GrailsUnitTestMixin.mockForConstraintsTests(GrailsUnitTestMixin.groovy:56)
	at grails.test.mixin.support.GrailsUnitTestMixin.mockForConstraintsTests(GrailsUnitTestMixin.groovy:55)
	at forotallersd.FileSpec.setup(FileSpec.groovy:14)
Caused by: java.lang.IllegalArgumentException: Parameter for constraint [max] of property [size] of class [class forotallersd.File] must be the same type as property: [double]
</error>
  </testcase>
  <testcase classname="forotallersd.FileSpec" name="test File attribute fileType: a/b, field: matches, valid: true" time="0.075">
    <error message="Exception thrown applying constraint [max] to class [class forotallersd.File] for value [10000000]: Parameter for constraint [max] of property [size] of class [class forotallersd.File] must be the same type as property: [double]" type="org.codehaus.groovy.grails.validation.exceptions.ConstraintException">org.codehaus.groovy.grails.validation.exceptions.ConstraintException: Exception thrown applying constraint [max] to class [class forotallersd.File] for value [10000000]: Parameter for constraint [max] of property [size] of class [class forotallersd.File] must be the same type as property: [double]
	at forotallersd.File._clinit__closure1(File.groovy:11)
	at grails.test.MockUtils.addValidateMethod(MockUtils.groovy:961)
	at grails.test.MockUtils.prepareForConstraintsTests(MockUtils.groovy:573)
	at grails.test.runtime.GrailsApplicationTestPlugin.mockForConstraintsTests(GrailsApplicationTestPlugin.groovy:252)
	at grails.test.runtime.GrailsApplicationTestPlugin.onTestEvent(GrailsApplicationTestPlugin.groovy:354)
	at grails.test.runtime.TestRuntime.deliverEvent(TestRuntime.groovy:295)
	at grails.test.runtime.TestRuntime.processEvents(TestRuntime.groovy:264)
	at grails.test.runtime.TestRuntime.doPublishEvent(TestRuntime.groovy:248)
	at grails.test.runtime.TestRuntime.publishEvent(TestRuntime.groovy:211)
	at grails.test.mixin.support.GrailsUnitTestMixin.mockForConstraintsTests(GrailsUnitTestMixin.groovy:56)
	at grails.test.mixin.support.GrailsUnitTestMixin.mockForConstraintsTests(GrailsUnitTestMixin.groovy:55)
	at forotallersd.FileSpec.setup(FileSpec.groovy:14)
Caused by: java.lang.IllegalArgumentException: Parameter for constraint [max] of property [size] of class [class forotallersd.File] must be the same type as property: [double]
</error>
  </testcase>
  <testcase classname="forotallersd.FileSpec" name="test File attribute fileType: b/, field: matches, valid: false" time="0.057">
    <error message="Exception thrown applying constraint [max] to class [class forotallersd.File] for value [10000000]: Parameter for constraint [max] of property [size] of class [class forotallersd.File] must be the same type as property: [double]" type="org.codehaus.groovy.grails.validation.exceptions.ConstraintException">org.codehaus.groovy.grails.validation.exceptions.ConstraintException: Exception thrown applying constraint [max] to class [class forotallersd.File] for value [10000000]: Parameter for constraint [max] of property [size] of class [class forotallersd.File] must be the same type as property: [double]
	at forotallersd.File._clinit__closure1(File.groovy:11)
	at grails.test.MockUtils.addValidateMethod(MockUtils.groovy:961)
	at grails.test.MockUtils.prepareForConstraintsTests(MockUtils.groovy:573)
	at grails.test.runtime.GrailsApplicationTestPlugin.mockForConstraintsTests(GrailsApplicationTestPlugin.groovy:252)
	at grails.test.runtime.GrailsApplicationTestPlugin.onTestEvent(GrailsApplicationTestPlugin.groovy:354)
	at grails.test.runtime.TestRuntime.deliverEvent(TestRuntime.groovy:295)
	at grails.test.runtime.TestRuntime.processEvents(TestRuntime.groovy:264)
	at grails.test.runtime.TestRuntime.doPublishEvent(TestRuntime.groovy:248)
	at grails.test.runtime.TestRuntime.publishEvent(TestRuntime.groovy:211)
	at grails.test.mixin.support.GrailsUnitTestMixin.mockForConstraintsTests(GrailsUnitTestMixin.groovy:56)
	at grails.test.mixin.support.GrailsUnitTestMixin.mockForConstraintsTests(GrailsUnitTestMixin.groovy:55)
	at forotallersd.FileSpec.setup(FileSpec.groovy:14)
Caused by: java.lang.IllegalArgumentException: Parameter for constraint [max] of property [size] of class [class forotallersd.File] must be the same type as property: [double]
</error>
  </testcase>
  <testcase classname="forotallersd.FileSpec" name="test File attribute content: null, field: null, valid: false" time="0.032">
    <error message="Exception thrown applying constraint [max] to class [class forotallersd.File] for value [10000000]: Parameter for constraint [max] of property [size] of class [class forotallersd.File] must be the same type as property: [double]" type="org.codehaus.groovy.grails.validation.exceptions.ConstraintException">org.codehaus.groovy.grails.validation.exceptions.ConstraintException: Exception thrown applying constraint [max] to class [class forotallersd.File] for value [10000000]: Parameter for constraint [max] of property [size] of class [class forotallersd.File] must be the same type as property: [double]
	at forotallersd.File._clinit__closure1(File.groovy:11)
	at grails.test.MockUtils.addValidateMethod(MockUtils.groovy:961)
	at grails.test.MockUtils.prepareForConstraintsTests(MockUtils.groovy:573)
	at grails.test.runtime.GrailsApplicationTestPlugin.mockForConstraintsTests(GrailsApplicationTestPlugin.groovy:252)
	at grails.test.runtime.GrailsApplicationTestPlugin.onTestEvent(GrailsApplicationTestPlugin.groovy:354)
	at grails.test.runtime.TestRuntime.deliverEvent(TestRuntime.groovy:295)
	at grails.test.runtime.TestRuntime.processEvents(TestRuntime.groovy:264)
	at grails.test.runtime.TestRuntime.doPublishEvent(TestRuntime.groovy:248)
	at grails.test.runtime.TestRuntime.publishEvent(TestRuntime.groovy:211)
	at grails.test.mixin.support.GrailsUnitTestMixin.mockForConstraintsTests(GrailsUnitTestMixin.groovy:56)
	at grails.test.mixin.support.GrailsUnitTestMixin.mockForConstraintsTests(GrailsUnitTestMixin.groovy:55)
	at forotallersd.FileSpec.setup(FileSpec.groovy:14)
Caused by: java.lang.IllegalArgumentException: Parameter for constraint [max] of property [size] of class [class forotallersd.File] must be the same type as property: [double]
</error>
  </testcase>
  <testcase classname="forotallersd.FileSpec" name="test File attribute content: [], field: null, valid: false" time="0.032">
    <error message="Exception thrown applying constraint [max] to class [class forotallersd.File] for value [10000000]: Parameter for constraint [max] of property [size] of class [class forotallersd.File] must be the same type as property: [double]" type="org.codehaus.groovy.grails.validation.exceptions.ConstraintException">org.codehaus.groovy.grails.validation.exceptions.ConstraintException: Exception thrown applying constraint [max] to class [class forotallersd.File] for value [10000000]: Parameter for constraint [max] of property [size] of class [class forotallersd.File] must be the same type as property: [double]
	at forotallersd.File._clinit__closure1(File.groovy:11)
	at grails.test.MockUtils.addValidateMethod(MockUtils.groovy:961)
	at grails.test.MockUtils.prepareForConstraintsTests(MockUtils.groovy:573)
	at grails.test.runtime.GrailsApplicationTestPlugin.mockForConstraintsTests(GrailsApplicationTestPlugin.groovy:252)
	at grails.test.runtime.GrailsApplicationTestPlugin.onTestEvent(GrailsApplicationTestPlugin.groovy:354)
	at grails.test.runtime.TestRuntime.deliverEvent(TestRuntime.groovy:295)
	at grails.test.runtime.TestRuntime.processEvents(TestRuntime.groovy:264)
	at grails.test.runtime.TestRuntime.doPublishEvent(TestRuntime.groovy:248)
	at grails.test.runtime.TestRuntime.publishEvent(TestRuntime.groovy:211)
	at grails.test.mixin.support.GrailsUnitTestMixin.mockForConstraintsTests(GrailsUnitTestMixin.groovy:56)
	at grails.test.mixin.support.GrailsUnitTestMixin.mockForConstraintsTests(GrailsUnitTestMixin.groovy:55)
	at forotallersd.FileSpec.setup(FileSpec.groovy:14)
Caused by: java.lang.IllegalArgumentException: Parameter for constraint [max] of property [size] of class [class forotallersd.File] must be the same type as property: [double]
</error>
  </testcase>
  <testcase classname="forotallersd.FileSpec" name="test File attribute size: null, field: null, valid: false" time="0.031">
    <error message="Exception thrown applying constraint [max] to class [class forotallersd.File] for value [10000000]: Parameter for constraint [max] of property [size] of class [class forotallersd.File] must be the same type as property: [double]" type="org.codehaus.groovy.grails.validation.exceptions.ConstraintException">org.codehaus.groovy.grails.validation.exceptions.ConstraintException: Exception thrown applying constraint [max] to class [class forotallersd.File] for value [10000000]: Parameter for constraint [max] of property [size] of class [class forotallersd.File] must be the same type as property: [double]
	at forotallersd.File._clinit__closure1(File.groovy:11)
	at grails.test.MockUtils.addValidateMethod(MockUtils.groovy:961)
	at grails.test.MockUtils.prepareForConstraintsTests(MockUtils.groovy:573)
	at grails.test.runtime.GrailsApplicationTestPlugin.mockForConstraintsTests(GrailsApplicationTestPlugin.groovy:252)
	at grails.test.runtime.GrailsApplicationTestPlugin.onTestEvent(GrailsApplicationTestPlugin.groovy:354)
	at grails.test.runtime.TestRuntime.deliverEvent(TestRuntime.groovy:295)
	at grails.test.runtime.TestRuntime.processEvents(TestRuntime.groovy:264)
	at grails.test.runtime.TestRuntime.doPublishEvent(TestRuntime.groovy:248)
	at grails.test.runtime.TestRuntime.publishEvent(TestRuntime.groovy:211)
	at grails.test.mixin.support.GrailsUnitTestMixin.mockForConstraintsTests(GrailsUnitTestMixin.groovy:56)
	at grails.test.mixin.support.GrailsUnitTestMixin.mockForConstraintsTests(GrailsUnitTestMixin.groovy:55)
	at forotallersd.FileSpec.setup(FileSpec.groovy:14)
Caused by: java.lang.IllegalArgumentException: Parameter for constraint [max] of property [size] of class [class forotallersd.File] must be the same type as property: [double]
</error>
  </testcase>
  <testcase classname="forotallersd.FileSpec" name="test File attribute size: -1, field: minValue, valid: false" time="0.067">
    <error message="Exception thrown applying constraint [max] to class [class forotallersd.File] for value [10000000]: Parameter for constraint [max] of property [size] of class [class forotallersd.File] must be the same type as property: [double]" type="org.codehaus.groovy.grails.validation.exceptions.ConstraintException">org.codehaus.groovy.grails.validation.exceptions.ConstraintException: Exception thrown applying constraint [max] to class [class forotallersd.File] for value [10000000]: Parameter for constraint [max] of property [size] of class [class forotallersd.File] must be the same type as property: [double]
	at forotallersd.File._clinit__closure1(File.groovy:11)
	at grails.test.MockUtils.addValidateMethod(MockUtils.groovy:961)
	at grails.test.MockUtils.prepareForConstraintsTests(MockUtils.groovy:573)
	at grails.test.runtime.GrailsApplicationTestPlugin.mockForConstraintsTests(GrailsApplicationTestPlugin.groovy:252)
	at grails.test.runtime.GrailsApplicationTestPlugin.onTestEvent(GrailsApplicationTestPlugin.groovy:354)
	at grails.test.runtime.TestRuntime.deliverEvent(TestRuntime.groovy:295)
	at grails.test.runtime.TestRuntime.processEvents(TestRuntime.groovy:264)
	at grails.test.runtime.TestRuntime.doPublishEvent(TestRuntime.groovy:248)
	at grails.test.runtime.TestRuntime.publishEvent(TestRuntime.groovy:211)
	at grails.test.mixin.support.GrailsUnitTestMixin.mockForConstraintsTests(GrailsUnitTestMixin.groovy:56)
	at grails.test.mixin.support.GrailsUnitTestMixin.mockForConstraintsTests(GrailsUnitTestMixin.groovy:55)
	at forotallersd.FileSpec.setup(FileSpec.groovy:14)
Caused by: java.lang.IllegalArgumentException: Parameter for constraint [max] of property [size] of class [class forotallersd.File] must be the same type as property: [double]
</error>
  </testcase>
  <testcase classname="forotallersd.FileSpec" name="test File attribute size: 1.0E+21, field: maxValue, valid: false" time="0.053">
    <error message="Exception thrown applying constraint [max] to class [class forotallersd.File] for value [10000000]: Parameter for constraint [max] of property [size] of class [class forotallersd.File] must be the same type as property: [double]" type="org.codehaus.groovy.grails.validation.exceptions.ConstraintException">org.codehaus.groovy.grails.validation.exceptions.ConstraintException: Exception thrown applying constraint [max] to class [class forotallersd.File] for value [10000000]: Parameter for constraint [max] of property [size] of class [class forotallersd.File] must be the same type as property: [double]
	at forotallersd.File._clinit__closure1(File.groovy:11)
	at grails.test.MockUtils.addValidateMethod(MockUtils.groovy:961)
	at grails.test.MockUtils.prepareForConstraintsTests(MockUtils.groovy:573)
	at grails.test.runtime.GrailsApplicationTestPlugin.mockForConstraintsTests(GrailsApplicationTestPlugin.groovy:252)
	at grails.test.runtime.GrailsApplicationTestPlugin.onTestEvent(GrailsApplicationTestPlugin.groovy:354)
	at grails.test.runtime.TestRuntime.deliverEvent(TestRuntime.groovy:295)
	at grails.test.runtime.TestRuntime.processEvents(TestRuntime.groovy:264)
	at grails.test.runtime.TestRuntime.doPublishEvent(TestRuntime.groovy:248)
	at grails.test.runtime.TestRuntime.publishEvent(TestRuntime.groovy:211)
	at grails.test.mixin.support.GrailsUnitTestMixin.mockForConstraintsTests(GrailsUnitTestMixin.groovy:56)
	at grails.test.mixin.support.GrailsUnitTestMixin.mockForConstraintsTests(GrailsUnitTestMixin.groovy:55)
	at forotallersd.FileSpec.setup(FileSpec.groovy:14)
Caused by: java.lang.IllegalArgumentException: Parameter for constraint [max] of property [size] of class [class forotallersd.File] must be the same type as property: [double]
</error>
  </testcase>
  <testcase classname="forotallersd.FileSpec" name="test File attribute size: 10000, field: Value, valid: true" time="0.05">
    <error message="Exception thrown applying constraint [max] to class [class forotallersd.File] for value [10000000]: Parameter for constraint [max] of property [size] of class [class forotallersd.File] must be the same type as property: [double]" type="org.codehaus.groovy.grails.validation.exceptions.ConstraintException">org.codehaus.groovy.grails.validation.exceptions.ConstraintException: Exception thrown applying constraint [max] to class [class forotallersd.File] for value [10000000]: Parameter for constraint [max] of property [size] of class [class forotallersd.File] must be the same type as property: [double]
	at forotallersd.File._clinit__closure1(File.groovy:11)
	at grails.test.MockUtils.addValidateMethod(MockUtils.groovy:961)
	at grails.test.MockUtils.prepareForConstraintsTests(MockUtils.groovy:573)
	at grails.test.runtime.GrailsApplicationTestPlugin.mockForConstraintsTests(GrailsApplicationTestPlugin.groovy:252)
	at grails.test.runtime.GrailsApplicationTestPlugin.onTestEvent(GrailsApplicationTestPlugin.groovy:354)
	at grails.test.runtime.TestRuntime.deliverEvent(TestRuntime.groovy:295)
	at grails.test.runtime.TestRuntime.processEvents(TestRuntime.groovy:264)
	at grails.test.runtime.TestRuntime.doPublishEvent(TestRuntime.groovy:248)
	at grails.test.runtime.TestRuntime.publishEvent(TestRuntime.groovy:211)
	at grails.test.mixin.support.GrailsUnitTestMixin.mockForConstraintsTests(GrailsUnitTestMixin.groovy:56)
	at grails.test.mixin.support.GrailsUnitTestMixin.mockForConstraintsTests(GrailsUnitTestMixin.groovy:55)
	at forotallersd.FileSpec.setup(FileSpec.groovy:14)
Caused by: java.lang.IllegalArgumentException: Parameter for constraint [max] of property [size] of class [class forotallersd.File] must be the same type as property: [double]
</error>
  </testcase>
  <system-out><![CDATA[--Output from test File attribute fileType: null, field: null, valid: false--
--Output from test File attribute fileType: /a, field: matches, valid: false--
--Output from test File attribute fileType: a/b, field: matches, valid: true--
--Output from test File attribute fileType: b/, field: matches, valid: false--
--Output from test File attribute content: null, field: null, valid: false--
--Output from test File attribute content: [], field: null, valid: false--
--Output from test File attribute size: null, field: null, valid: false--
--Output from test File attribute size: -1, field: minValue, valid: false--
--Output from test File attribute size: 1.0E+21, field: maxValue, valid: false--
--Output from test File attribute size: 10000, field: Value, valid: true--
]]></system-out>
  <system-err><![CDATA[--Output from test File attribute fileType: null, field: null, valid: false--
--Output from test File attribute fileType: /a, field: matches, valid: false--
--Output from test File attribute fileType: a/b, field: matches, valid: true--
--Output from test File attribute fileType: b/, field: matches, valid: false--
--Output from test File attribute content: null, field: null, valid: false--
--Output from test File attribute content: [], field: null, valid: false--
--Output from test File attribute size: null, field: null, valid: false--
--Output from test File attribute size: -1, field: minValue, valid: false--
--Output from test File attribute size: 1.0E+21, field: maxValue, valid: false--
--Output from test File attribute size: 10000, field: Value, valid: true--
]]></system-err>
</testsuite>
