<!DOCTYPE html><html xmlns:lxslt="http://xml.apache.org/xslt" xmlns:stringutils="xalan://org.apache.tools.ant.util.StringUtils">
<head>
<META http-equiv="Content-Type" content="text/html; charset=utf-8">
<title>
                    Test - FileSpec</title>
<link rel="shortcut icon" href="http://grails.org/images/favicon.ico" type="image/x-icon">
<link rel="stylesheet" type="text/css" title="Style" href="../stylesheet.css">
</head>
<body>
<div class="container container_8" id="report">
<div class="grid_6">
<a title="Home" href="../index.html">
<div class="grailslogo"></div>
</a>
<h1>FileSpec</h1>
<h2>Package: forotallersd</h2>
</div>
<div class="grid_2">
<nav id="navigationlinks">
<p>
<a href="../failed.html">
                    Tests with failure and errors
                </a>
</p>
<p>
<a href="../index.html">
                    Package summary
                </a>
</p>
<p>
<a href="../all.html">
                    Show all tests
                </a>
</p>
</nav>
</div>
<div class="clear"></div>
<div class="testsuite error">
<div class="header">
<h2>FileSpec</h2>
<h3>
                        Executed
                        10
                        tests
                    
                        with
                        10 errors
                        .
                    </h3>
</div>
<div class="testcase clearfix error grid_8 alpha omega" data-name="test File attribute fileType: null, field: null, valid: false">
<div class="grid_3 alpha">
<p>
<span class="icon error"></span><b class="testname message error">test File attribute fileType: null, field: null, valid: false</b>
</p>
<p class="summary">Executed in 0.235 seconds.</p>
</div>
<div class="grid_5 omega outputinfo">
<div class="details">
<p>
<b class="message">Exception thrown applying constraint [max] to class [class forotallersd.File] for value [10000000]: Parameter for constraint [max] of property [size] of class [class forotallersd.File] must be the same type as property: [double]</b>
</p>
<pre>org.codehaus.groovy.grails.validation.exceptions.ConstraintException: Exception thrown applying constraint [max] to class [class forotallersd.File] for value [10000000]: Parameter for constraint [max] of property [size] of class [class forotallersd.File] must be the same type as property: [double]
	at forotallersd.File._clinit__closure1(File.groovy:11)
	at grails.test.MockUtils.addValidateMethod(MockUtils.groovy:961)
	at grails.test.MockUtils.prepareForConstraintsTests(MockUtils.groovy:573)
	at grails.test.runtime.GrailsApplicationTestPlugin.mockForConstraintsTests(GrailsApplicationTestPlugin.groovy:252)
	at grails.test.runtime.GrailsApplicationTestPlugin.onTestEvent(GrailsApplicationTestPlugin.groovy:354)
	at grails.test.runtime.TestRuntime.deliverEvent(TestRuntime.groovy:295)
	at grails.test.runtime.TestRuntime.processEvents(TestRuntime.groovy:264)
	at grails.test.runtime.TestRuntime.doPublishEvent(TestRuntime.groovy:248)
	at grails.test.runtime.TestRuntime.publishEvent(TestRuntime.groovy:211)
	at grails.test.mixin.support.GrailsUnitTestMixin.mockForConstraintsTests(GrailsUnitTestMixin.groovy:56)
	at grails.test.mixin.support.GrailsUnitTestMixin.mockForConstraintsTests(GrailsUnitTestMixin.groovy:55)
	at forotallersd.FileSpec.setup(FileSpec.groovy:14)
Caused by: java.lang.IllegalArgumentException: Parameter for constraint [max] of property [size] of class [class forotallersd.File] must be the same type as property: [double]
</pre>
</div>
</div>
<div class="clear"></div>
</div>
<div class="testcase clearfix error grid_8 alpha omega" data-name="test File attribute fileType: /a, field: matches, valid: false">
<div class="grid_3 alpha">
<p>
<span class="icon error"></span><b class="testname message error">test File attribute fileType: /a, field: matches, valid: false</b>
</p>
<p class="summary">Executed in 0.061 seconds.</p>
</div>
<div class="grid_5 omega outputinfo">
<div class="details">
<p>
<b class="message">Exception thrown applying constraint [max] to class [class forotallersd.File] for value [10000000]: Parameter for constraint [max] of property [size] of class [class forotallersd.File] must be the same type as property: [double]</b>
</p>
<pre>org.codehaus.groovy.grails.validation.exceptions.ConstraintException: Exception thrown applying constraint [max] to class [class forotallersd.File] for value [10000000]: Parameter for constraint [max] of property [size] of class [class forotallersd.File] must be the same type as property: [double]
	at forotallersd.File._clinit__closure1(File.groovy:11)
	at grails.test.MockUtils.addValidateMethod(MockUtils.groovy:961)
	at grails.test.MockUtils.prepareForConstraintsTests(MockUtils.groovy:573)
	at grails.test.runtime.GrailsApplicationTestPlugin.mockForConstraintsTests(GrailsApplicationTestPlugin.groovy:252)
	at grails.test.runtime.GrailsApplicationTestPlugin.onTestEvent(GrailsApplicationTestPlugin.groovy:354)
	at grails.test.runtime.TestRuntime.deliverEvent(TestRuntime.groovy:295)
	at grails.test.runtime.TestRuntime.processEvents(TestRuntime.groovy:264)
	at grails.test.runtime.TestRuntime.doPublishEvent(TestRuntime.groovy:248)
	at grails.test.runtime.TestRuntime.publishEvent(TestRuntime.groovy:211)
	at grails.test.mixin.support.GrailsUnitTestMixin.mockForConstraintsTests(GrailsUnitTestMixin.groovy:56)
	at grails.test.mixin.support.GrailsUnitTestMixin.mockForConstraintsTests(GrailsUnitTestMixin.groovy:55)
	at forotallersd.FileSpec.setup(FileSpec.groovy:14)
Caused by: java.lang.IllegalArgumentException: Parameter for constraint [max] of property [size] of class [class forotallersd.File] must be the same type as property: [double]
</pre>
</div>
</div>
<div class="clear"></div>
</div>
<div class="testcase clearfix error grid_8 alpha omega" data-name="test File attribute fileType: a/b, field: matches, valid: true">
<div class="grid_3 alpha">
<p>
<span class="icon error"></span><b class="testname message error">test File attribute fileType: a/b, field: matches, valid: true</b>
</p>
<p class="summary">Executed in 0.075 seconds.</p>
</div>
<div class="grid_5 omega outputinfo">
<div class="details">
<p>
<b class="message">Exception thrown applying constraint [max] to class [class forotallersd.File] for value [10000000]: Parameter for constraint [max] of property [size] of class [class forotallersd.File] must be the same type as property: [double]</b>
</p>
<pre>org.codehaus.groovy.grails.validation.exceptions.ConstraintException: Exception thrown applying constraint [max] to class [class forotallersd.File] for value [10000000]: Parameter for constraint [max] of property [size] of class [class forotallersd.File] must be the same type as property: [double]
	at forotallersd.File._clinit__closure1(File.groovy:11)
	at grails.test.MockUtils.addValidateMethod(MockUtils.groovy:961)
	at grails.test.MockUtils.prepareForConstraintsTests(MockUtils.groovy:573)
	at grails.test.runtime.GrailsApplicationTestPlugin.mockForConstraintsTests(GrailsApplicationTestPlugin.groovy:252)
	at grails.test.runtime.GrailsApplicationTestPlugin.onTestEvent(GrailsApplicationTestPlugin.groovy:354)
	at grails.test.runtime.TestRuntime.deliverEvent(TestRuntime.groovy:295)
	at grails.test.runtime.TestRuntime.processEvents(TestRuntime.groovy:264)
	at grails.test.runtime.TestRuntime.doPublishEvent(TestRuntime.groovy:248)
	at grails.test.runtime.TestRuntime.publishEvent(TestRuntime.groovy:211)
	at grails.test.mixin.support.GrailsUnitTestMixin.mockForConstraintsTests(GrailsUnitTestMixin.groovy:56)
	at grails.test.mixin.support.GrailsUnitTestMixin.mockForConstraintsTests(GrailsUnitTestMixin.groovy:55)
	at forotallersd.FileSpec.setup(FileSpec.groovy:14)
Caused by: java.lang.IllegalArgumentException: Parameter for constraint [max] of property [size] of class [class forotallersd.File] must be the same type as property: [double]
</pre>
</div>
</div>
<div class="clear"></div>
</div>
<div class="testcase clearfix error grid_8 alpha omega" data-name="test File attribute fileType: b/, field: matches, valid: false">
<div class="grid_3 alpha">
<p>
<span class="icon error"></span><b class="testname message error">test File attribute fileType: b/, field: matches, valid: false</b>
</p>
<p class="summary">Executed in 0.057 seconds.</p>
</div>
<div class="grid_5 omega outputinfo">
<div class="details">
<p>
<b class="message">Exception thrown applying constraint [max] to class [class forotallersd.File] for value [10000000]: Parameter for constraint [max] of property [size] of class [class forotallersd.File] must be the same type as property: [double]</b>
</p>
<pre>org.codehaus.groovy.grails.validation.exceptions.ConstraintException: Exception thrown applying constraint [max] to class [class forotallersd.File] for value [10000000]: Parameter for constraint [max] of property [size] of class [class forotallersd.File] must be the same type as property: [double]
	at forotallersd.File._clinit__closure1(File.groovy:11)
	at grails.test.MockUtils.addValidateMethod(MockUtils.groovy:961)
	at grails.test.MockUtils.prepareForConstraintsTests(MockUtils.groovy:573)
	at grails.test.runtime.GrailsApplicationTestPlugin.mockForConstraintsTests(GrailsApplicationTestPlugin.groovy:252)
	at grails.test.runtime.GrailsApplicationTestPlugin.onTestEvent(GrailsApplicationTestPlugin.groovy:354)
	at grails.test.runtime.TestRuntime.deliverEvent(TestRuntime.groovy:295)
	at grails.test.runtime.TestRuntime.processEvents(TestRuntime.groovy:264)
	at grails.test.runtime.TestRuntime.doPublishEvent(TestRuntime.groovy:248)
	at grails.test.runtime.TestRuntime.publishEvent(TestRuntime.groovy:211)
	at grails.test.mixin.support.GrailsUnitTestMixin.mockForConstraintsTests(GrailsUnitTestMixin.groovy:56)
	at grails.test.mixin.support.GrailsUnitTestMixin.mockForConstraintsTests(GrailsUnitTestMixin.groovy:55)
	at forotallersd.FileSpec.setup(FileSpec.groovy:14)
Caused by: java.lang.IllegalArgumentException: Parameter for constraint [max] of property [size] of class [class forotallersd.File] must be the same type as property: [double]
</pre>
</div>
</div>
<div class="clear"></div>
</div>
<div class="testcase clearfix error grid_8 alpha omega" data-name="test File attribute content: null, field: null, valid: false">
<div class="grid_3 alpha">
<p>
<span class="icon error"></span><b class="testname message error">test File attribute content: null, field: null, valid: false</b>
</p>
<p class="summary">Executed in 0.032 seconds.</p>
</div>
<div class="grid_5 omega outputinfo">
<div class="details">
<p>
<b class="message">Exception thrown applying constraint [max] to class [class forotallersd.File] for value [10000000]: Parameter for constraint [max] of property [size] of class [class forotallersd.File] must be the same type as property: [double]</b>
</p>
<pre>org.codehaus.groovy.grails.validation.exceptions.ConstraintException: Exception thrown applying constraint [max] to class [class forotallersd.File] for value [10000000]: Parameter for constraint [max] of property [size] of class [class forotallersd.File] must be the same type as property: [double]
	at forotallersd.File._clinit__closure1(File.groovy:11)
	at grails.test.MockUtils.addValidateMethod(MockUtils.groovy:961)
	at grails.test.MockUtils.prepareForConstraintsTests(MockUtils.groovy:573)
	at grails.test.runtime.GrailsApplicationTestPlugin.mockForConstraintsTests(GrailsApplicationTestPlugin.groovy:252)
	at grails.test.runtime.GrailsApplicationTestPlugin.onTestEvent(GrailsApplicationTestPlugin.groovy:354)
	at grails.test.runtime.TestRuntime.deliverEvent(TestRuntime.groovy:295)
	at grails.test.runtime.TestRuntime.processEvents(TestRuntime.groovy:264)
	at grails.test.runtime.TestRuntime.doPublishEvent(TestRuntime.groovy:248)
	at grails.test.runtime.TestRuntime.publishEvent(TestRuntime.groovy:211)
	at grails.test.mixin.support.GrailsUnitTestMixin.mockForConstraintsTests(GrailsUnitTestMixin.groovy:56)
	at grails.test.mixin.support.GrailsUnitTestMixin.mockForConstraintsTests(GrailsUnitTestMixin.groovy:55)
	at forotallersd.FileSpec.setup(FileSpec.groovy:14)
Caused by: java.lang.IllegalArgumentException: Parameter for constraint [max] of property [size] of class [class forotallersd.File] must be the same type as property: [double]
</pre>
</div>
</div>
<div class="clear"></div>
</div>
<div class="testcase clearfix error grid_8 alpha omega" data-name="test File attribute content: [], field: null, valid: false">
<div class="grid_3 alpha">
<p>
<span class="icon error"></span><b class="testname message error">test File attribute content: [], field: null, valid: false</b>
</p>
<p class="summary">Executed in 0.032 seconds.</p>
</div>
<div class="grid_5 omega outputinfo">
<div class="details">
<p>
<b class="message">Exception thrown applying constraint [max] to class [class forotallersd.File] for value [10000000]: Parameter for constraint [max] of property [size] of class [class forotallersd.File] must be the same type as property: [double]</b>
</p>
<pre>org.codehaus.groovy.grails.validation.exceptions.ConstraintException: Exception thrown applying constraint [max] to class [class forotallersd.File] for value [10000000]: Parameter for constraint [max] of property [size] of class [class forotallersd.File] must be the same type as property: [double]
	at forotallersd.File._clinit__closure1(File.groovy:11)
	at grails.test.MockUtils.addValidateMethod(MockUtils.groovy:961)
	at grails.test.MockUtils.prepareForConstraintsTests(MockUtils.groovy:573)
	at grails.test.runtime.GrailsApplicationTestPlugin.mockForConstraintsTests(GrailsApplicationTestPlugin.groovy:252)
	at grails.test.runtime.GrailsApplicationTestPlugin.onTestEvent(GrailsApplicationTestPlugin.groovy:354)
	at grails.test.runtime.TestRuntime.deliverEvent(TestRuntime.groovy:295)
	at grails.test.runtime.TestRuntime.processEvents(TestRuntime.groovy:264)
	at grails.test.runtime.TestRuntime.doPublishEvent(TestRuntime.groovy:248)
	at grails.test.runtime.TestRuntime.publishEvent(TestRuntime.groovy:211)
	at grails.test.mixin.support.GrailsUnitTestMixin.mockForConstraintsTests(GrailsUnitTestMixin.groovy:56)
	at grails.test.mixin.support.GrailsUnitTestMixin.mockForConstraintsTests(GrailsUnitTestMixin.groovy:55)
	at forotallersd.FileSpec.setup(FileSpec.groovy:14)
Caused by: java.lang.IllegalArgumentException: Parameter for constraint [max] of property [size] of class [class forotallersd.File] must be the same type as property: [double]
</pre>
</div>
</div>
<div class="clear"></div>
</div>
<div class="testcase clearfix error grid_8 alpha omega" data-name="test File attribute size: null, field: null, valid: false">
<div class="grid_3 alpha">
<p>
<span class="icon error"></span><b class="testname message error">test File attribute size: null, field: null, valid: false</b>
</p>
<p class="summary">Executed in 0.031 seconds.</p>
</div>
<div class="grid_5 omega outputinfo">
<div class="details">
<p>
<b class="message">Exception thrown applying constraint [max] to class [class forotallersd.File] for value [10000000]: Parameter for constraint [max] of property [size] of class [class forotallersd.File] must be the same type as property: [double]</b>
</p>
<pre>org.codehaus.groovy.grails.validation.exceptions.ConstraintException: Exception thrown applying constraint [max] to class [class forotallersd.File] for value [10000000]: Parameter for constraint [max] of property [size] of class [class forotallersd.File] must be the same type as property: [double]
	at forotallersd.File._clinit__closure1(File.groovy:11)
	at grails.test.MockUtils.addValidateMethod(MockUtils.groovy:961)
	at grails.test.MockUtils.prepareForConstraintsTests(MockUtils.groovy:573)
	at grails.test.runtime.GrailsApplicationTestPlugin.mockForConstraintsTests(GrailsApplicationTestPlugin.groovy:252)
	at grails.test.runtime.GrailsApplicationTestPlugin.onTestEvent(GrailsApplicationTestPlugin.groovy:354)
	at grails.test.runtime.TestRuntime.deliverEvent(TestRuntime.groovy:295)
	at grails.test.runtime.TestRuntime.processEvents(TestRuntime.groovy:264)
	at grails.test.runtime.TestRuntime.doPublishEvent(TestRuntime.groovy:248)
	at grails.test.runtime.TestRuntime.publishEvent(TestRuntime.groovy:211)
	at grails.test.mixin.support.GrailsUnitTestMixin.mockForConstraintsTests(GrailsUnitTestMixin.groovy:56)
	at grails.test.mixin.support.GrailsUnitTestMixin.mockForConstraintsTests(GrailsUnitTestMixin.groovy:55)
	at forotallersd.FileSpec.setup(FileSpec.groovy:14)
Caused by: java.lang.IllegalArgumentException: Parameter for constraint [max] of property [size] of class [class forotallersd.File] must be the same type as property: [double]
</pre>
</div>
</div>
<div class="clear"></div>
</div>
<div class="testcase clearfix error grid_8 alpha omega" data-name="test File attribute size: -1, field: minValue, valid: false">
<div class="grid_3 alpha">
<p>
<span class="icon error"></span><b class="testname message error">test File attribute size: -1, field: minValue, valid: false</b>
</p>
<p class="summary">Executed in 0.067 seconds.</p>
</div>
<div class="grid_5 omega outputinfo">
<div class="details">
<p>
<b class="message">Exception thrown applying constraint [max] to class [class forotallersd.File] for value [10000000]: Parameter for constraint [max] of property [size] of class [class forotallersd.File] must be the same type as property: [double]</b>
</p>
<pre>org.codehaus.groovy.grails.validation.exceptions.ConstraintException: Exception thrown applying constraint [max] to class [class forotallersd.File] for value [10000000]: Parameter for constraint [max] of property [size] of class [class forotallersd.File] must be the same type as property: [double]
	at forotallersd.File._clinit__closure1(File.groovy:11)
	at grails.test.MockUtils.addValidateMethod(MockUtils.groovy:961)
	at grails.test.MockUtils.prepareForConstraintsTests(MockUtils.groovy:573)
	at grails.test.runtime.GrailsApplicationTestPlugin.mockForConstraintsTests(GrailsApplicationTestPlugin.groovy:252)
	at grails.test.runtime.GrailsApplicationTestPlugin.onTestEvent(GrailsApplicationTestPlugin.groovy:354)
	at grails.test.runtime.TestRuntime.deliverEvent(TestRuntime.groovy:295)
	at grails.test.runtime.TestRuntime.processEvents(TestRuntime.groovy:264)
	at grails.test.runtime.TestRuntime.doPublishEvent(TestRuntime.groovy:248)
	at grails.test.runtime.TestRuntime.publishEvent(TestRuntime.groovy:211)
	at grails.test.mixin.support.GrailsUnitTestMixin.mockForConstraintsTests(GrailsUnitTestMixin.groovy:56)
	at grails.test.mixin.support.GrailsUnitTestMixin.mockForConstraintsTests(GrailsUnitTestMixin.groovy:55)
	at forotallersd.FileSpec.setup(FileSpec.groovy:14)
Caused by: java.lang.IllegalArgumentException: Parameter for constraint [max] of property [size] of class [class forotallersd.File] must be the same type as property: [double]
</pre>
</div>
</div>
<div class="clear"></div>
</div>
<div class="testcase clearfix error grid_8 alpha omega" data-name="test File attribute size: 1.0E+21, field: maxValue, valid: false">
<div class="grid_3 alpha">
<p>
<span class="icon error"></span><b class="testname message error">test File attribute size: 1.0E+21, field: maxValue, valid: false</b>
</p>
<p class="summary">Executed in 0.053 seconds.</p>
</div>
<div class="grid_5 omega outputinfo">
<div class="details">
<p>
<b class="message">Exception thrown applying constraint [max] to class [class forotallersd.File] for value [10000000]: Parameter for constraint [max] of property [size] of class [class forotallersd.File] must be the same type as property: [double]</b>
</p>
<pre>org.codehaus.groovy.grails.validation.exceptions.ConstraintException: Exception thrown applying constraint [max] to class [class forotallersd.File] for value [10000000]: Parameter for constraint [max] of property [size] of class [class forotallersd.File] must be the same type as property: [double]
	at forotallersd.File._clinit__closure1(File.groovy:11)
	at grails.test.MockUtils.addValidateMethod(MockUtils.groovy:961)
	at grails.test.MockUtils.prepareForConstraintsTests(MockUtils.groovy:573)
	at grails.test.runtime.GrailsApplicationTestPlugin.mockForConstraintsTests(GrailsApplicationTestPlugin.groovy:252)
	at grails.test.runtime.GrailsApplicationTestPlugin.onTestEvent(GrailsApplicationTestPlugin.groovy:354)
	at grails.test.runtime.TestRuntime.deliverEvent(TestRuntime.groovy:295)
	at grails.test.runtime.TestRuntime.processEvents(TestRuntime.groovy:264)
	at grails.test.runtime.TestRuntime.doPublishEvent(TestRuntime.groovy:248)
	at grails.test.runtime.TestRuntime.publishEvent(TestRuntime.groovy:211)
	at grails.test.mixin.support.GrailsUnitTestMixin.mockForConstraintsTests(GrailsUnitTestMixin.groovy:56)
	at grails.test.mixin.support.GrailsUnitTestMixin.mockForConstraintsTests(GrailsUnitTestMixin.groovy:55)
	at forotallersd.FileSpec.setup(FileSpec.groovy:14)
Caused by: java.lang.IllegalArgumentException: Parameter for constraint [max] of property [size] of class [class forotallersd.File] must be the same type as property: [double]
</pre>
</div>
</div>
<div class="clear"></div>
</div>
<div class="testcase clearfix error grid_8 alpha omega" data-name="test File attribute size: 10000, field: Value, valid: true">
<div class="grid_3 alpha">
<p>
<span class="icon error"></span><b class="testname message error">test File attribute size: 10000, field: Value, valid: true</b>
</p>
<p class="summary">Executed in 0.05 seconds.</p>
</div>
<div class="grid_5 omega outputinfo">
<div class="details">
<p>
<b class="message">Exception thrown applying constraint [max] to class [class forotallersd.File] for value [10000000]: Parameter for constraint [max] of property [size] of class [class forotallersd.File] must be the same type as property: [double]</b>
</p>
<pre>org.codehaus.groovy.grails.validation.exceptions.ConstraintException: Exception thrown applying constraint [max] to class [class forotallersd.File] for value [10000000]: Parameter for constraint [max] of property [size] of class [class forotallersd.File] must be the same type as property: [double]
	at forotallersd.File._clinit__closure1(File.groovy:11)
	at grails.test.MockUtils.addValidateMethod(MockUtils.groovy:961)
	at grails.test.MockUtils.prepareForConstraintsTests(MockUtils.groovy:573)
	at grails.test.runtime.GrailsApplicationTestPlugin.mockForConstraintsTests(GrailsApplicationTestPlugin.groovy:252)
	at grails.test.runtime.GrailsApplicationTestPlugin.onTestEvent(GrailsApplicationTestPlugin.groovy:354)
	at grails.test.runtime.TestRuntime.deliverEvent(TestRuntime.groovy:295)
	at grails.test.runtime.TestRuntime.processEvents(TestRuntime.groovy:264)
	at grails.test.runtime.TestRuntime.doPublishEvent(TestRuntime.groovy:248)
	at grails.test.runtime.TestRuntime.publishEvent(TestRuntime.groovy:211)
	at grails.test.mixin.support.GrailsUnitTestMixin.mockForConstraintsTests(GrailsUnitTestMixin.groovy:56)
	at grails.test.mixin.support.GrailsUnitTestMixin.mockForConstraintsTests(GrailsUnitTestMixin.groovy:55)
	at forotallersd.FileSpec.setup(FileSpec.groovy:14)
Caused by: java.lang.IllegalArgumentException: Parameter for constraint [max] of property [size] of class [class forotallersd.File] must be the same type as property: [double]
</pre>
</div>
</div>
<div class="clear"></div>
</div>
<div class="clearfix output footer">
<div class="sysout">
<h2>Standard output</h2>
<pre class="stdout">--Output from test File attribute fileType: null, field: null, valid: false--
--Output from test File attribute fileType: /a, field: matches, valid: false--
--Output from test File attribute fileType: a/b, field: matches, valid: true--
--Output from test File attribute fileType: b/, field: matches, valid: false--
--Output from test File attribute content: null, field: null, valid: false--
--Output from test File attribute content: [], field: null, valid: false--
--Output from test File attribute size: null, field: null, valid: false--
--Output from test File attribute size: -1, field: minValue, valid: false--
--Output from test File attribute size: 1.0E+21, field: maxValue, valid: false--
--Output from test File attribute size: 10000, field: Value, valid: true--
</pre>
</div>
<div class="syserr">
<h2>System error</h2>
<pre class="syserr">--Output from test File attribute fileType: null, field: null, valid: false--
--Output from test File attribute fileType: /a, field: matches, valid: false--
--Output from test File attribute fileType: a/b, field: matches, valid: true--
--Output from test File attribute fileType: b/, field: matches, valid: false--
--Output from test File attribute content: null, field: null, valid: false--
--Output from test File attribute content: [], field: null, valid: false--
--Output from test File attribute size: null, field: null, valid: false--
--Output from test File attribute size: -1, field: minValue, valid: false--
--Output from test File attribute size: 1.0E+21, field: maxValue, valid: false--
--Output from test File attribute size: 10000, field: Value, valid: true--
</pre>
</div>
</div>
<div class="clear"></div>
</div>
<div class="clear"></div>
</div>
<!--
            Parses JUnit output and associates it with the corresponding test case
        -->
<script language="javascript">


/**
 * The JUnit report format is incredibly stuipd in the
 * sense that it accumulates output from all test methods
 * into a single xml node.
 */
(function() {

    var outputElements = findOutputElements();
    for (var i in outputElements) {
        var outputElement = outputElements[i];
        var textOutput = outputElement.element.firstChild.nodeValue;
        var header = outputElement.getHeader();
        appendTestMethodOutput(textOutput, header);
    }

    function findOutputElements() {
        var outputElements = [];
        var preElements = document.getElementsByTagName("pre");
        for (var i in preElements) {
            var preElement = preElements[i];
            var className = preElement.className || "";
            if (className.indexOf("stdout") >= 0) {
                var outputElement = new OutputElement(preElement, "output");
                outputElements.push(outputElement);
            } else if (className.indexOf("syserr") >= 0) {
                var outputElement = new OutputElement(preElement, "error");
                outputElements.push(outputElement);
            }
        }

        return outputElements;
    }

    function OutputElement(element, type) {
        this.element = element;
        this.type = type;

        this.getHeader = function() {
            if (type === "output") {
                return "System output";
            } else if ("error") {
                return "System error";
            }
        }
    }

    function appendTestMethodOutput(text, header) {
        var testOutput = new TestMethodOutput(header);

        var lines = text.split(/\r\n|\r|\n/);
        for (var i in lines) {
            var line = lines[i];
            var matches = line.match(/^--Output from (.*)--$/);
            if (matches !== null && matches.length == 2) {
                testOutput.flushToDom();
                testOutput.testName = matches[1];
            } else {
                testOutput.addLine(line);
            }
        }

        testOutput.flushToDom();
    }

    function TestMethodOutput(header) {
        this.header = header;
        this.testName = undefined;
        this.buffer = "";

        this.addLine = function(line) {
            this.buffer += line + "\n";
        }

        this.flushToDom = function() {
            if (this.testName !== undefined) {
                var domNode = getTestcaseElementByName(this.testName);
                if (domNode !== undefined && trimString(this.buffer).length > 0) {
                    this.appendTo(domNode);
                }

                this.reset();
            }
        }

        this.appendTo = function(domNode) {
            var node = document.createElement("div");
            node.innerHTML = '<p><b class="message">' + header + '</b></p>';

            var preNode = document.createElement("pre");
            preNode.appendChild(document.createTextNode(this.buffer));
            node.appendChild(preNode);

            var outputContainer = findElementByTagClassAndParent("div", "outputinfo", domNode);
            outputContainer.appendChild(node);
        }

        this.reset = function() {
            this.methodName = undefined;
            this.buffer = "";
        }
    }

    function getTestcaseElementByName(name) {
        var divElements = document.getElementsByTagName("div");
        var elementCount = divElements.length;
        for (var i=0; i<elementCount; i++) {
            var el = divElements[i];
            if (el.getAttribute("data-name") === name) {
                return el;
            }
        }
    }

    function findElementByTagClassAndParent(tagName, className, parentNode) {
        var elements = parentNode.getElementsByTagName(tagName);
        for (var i in elements) {
            var element = elements[i];

            // Not 100% correct, but good enough here
            if (element.className !== undefined && element.className.indexOf(className) >= 0) {
                return element;
            }
        }
    }

    function trimString(str) {
        return str.replace(/^\s\s*/, '').replace(/\s\s*$/, '');
    }

})();

        </script>
</body>
</html>
