Testsuite: forotallersd.RegularSpec
Tests run: 12, Failures: 8, Errors: 0, Time elapsed: 5.029 sec
------------- Standard Output ---------------
--Output from test regular attribute postViews: null, field: null, valid: false --
--Output from test regular attribute postViews: -1, field: minValue, valid: false --
--Output from test regular attribute postViews: 0, field: Value, valid: true --
--Output from test regular attribute postViews: 20, field: Value, valid: true --
--Output from test regular attribute strikesNumber: null, field: null, valid: false --
--Output from test regular attribute strikesNumber: -1, field: minValue, valid: false --
--Output from test regular attribute strikesNumber: 4, field: maxValue, valid: false --
--Output from test regular attribute strikesNumber: 2, field: Value, valid: true --
--Output from test regular attribute starsNumber: null, field: null, valid: false --
--Output from test regular attribute starsNumber: -1, field: minValue, valid: false --
--Output from test regular attribute starsNumber: 6, field: maxValue, valid: false --
--Output from test regular attribute starsNumber: 4, field: Value, valid: true --
------------- ---------------- ---------------
------------- Standard Error -----------------
--Output from test regular attribute postViews: null, field: null, valid: false --
--Output from test regular attribute postViews: -1, field: minValue, valid: false --
--Output from test regular attribute postViews: 0, field: Value, valid: true --
--Output from test regular attribute postViews: 20, field: Value, valid: true --
--Output from test regular attribute strikesNumber: null, field: null, valid: false --
--Output from test regular attribute strikesNumber: -1, field: minValue, valid: false --
--Output from test regular attribute strikesNumber: 4, field: maxValue, valid: false --
--Output from test regular attribute strikesNumber: 2, field: Value, valid: true --
--Output from test regular attribute starsNumber: null, field: null, valid: false --
--Output from test regular attribute starsNumber: -1, field: minValue, valid: false --
--Output from test regular attribute starsNumber: 6, field: maxValue, valid: false --
--Output from test regular attribute starsNumber: 4, field: Value, valid: true --
------------- ---------------- ---------------

Testcase: test regular attribute postViews: null, field: null, valid: false  took 4.314 sec
	FAILED
Condition not satisfied:

t_regular_postViews.errors.hasFieldErrors("postViews") == false
|                   |      |                           |
|                   |      true                        false
|                   org.codehaus.groovy.grails.plugins.testing.GrailsMockErrors: 1 errors
|                   Field error in object 'forotallersd.Regular' on field 'postViews': rejected value [null]; codes [forotallersd.Regular.postViews.nullable.error.forotallersd.Regular.postViews,forotallersd.Regular.postViews.nullable.error.postViews,forotallersd.Regular.postViews.nullable.error.java.lang.Integer,forotallersd.Regular.postViews.nullable.error,regular.postViews.nullable.error.forotallersd.Regular.postViews,regular.postViews.nullable.error.postViews,regular.postViews.nullable.error.java.lang.Integer,regular.postViews.nullable.error,forotallersd.Regular.postViews.nullable.forotallersd.Regular.postViews,forotallersd.Regular.postViews.nullable.postViews,forotallersd.Regular.postViews.nullable.java.lang.Integer,forotallersd.Regular.postViews.nullable,regular.postViews.nullable.forotallersd.Regular.postViews,regular.postViews.nullable.postViews,regular.postViews.nullable.java.lang.Integer,regular.postViews.nullable,nullable.forotallersd.Regular.postViews,nullable.postViews,nullable.java.lang.Integer,nullable]; arguments [postViews,class forotallersd.Regular]; default message [Property [{0}] of class [{1}] cannot be null]
forotallersd.User : (unsaved)

junit.framework.AssertionFailedError: Condition not satisfied:

t_regular_postViews.errors.hasFieldErrors("postViews") == false
|                   |      |                           |
|                   |      true                        false
|                   org.codehaus.groovy.grails.plugins.testing.GrailsMockErrors: 1 errors
|                   Field error in object 'forotallersd.Regular' on field 'postViews': rejected value [null]; codes [forotallersd.Regular.postViews.nullable.error.forotallersd.Regular.postViews,forotallersd.Regular.postViews.nullable.error.postViews,forotallersd.Regular.postViews.nullable.error.java.lang.Integer,forotallersd.Regular.postViews.nullable.error,regular.postViews.nullable.error.forotallersd.Regular.postViews,regular.postViews.nullable.error.postViews,regular.postViews.nullable.error.java.lang.Integer,regular.postViews.nullable.error,forotallersd.Regular.postViews.nullable.forotallersd.Regular.postViews,forotallersd.Regular.postViews.nullable.postViews,forotallersd.Regular.postViews.nullable.java.lang.Integer,forotallersd.Regular.postViews.nullable,regular.postViews.nullable.forotallersd.Regular.postViews,regular.postViews.nullable.postViews,regular.postViews.nullable.java.lang.Integer,regular.postViews.nullable,nullable.forotallersd.Regular.postViews,nullable.postViews,nullable.java.lang.Integer,nullable]; arguments [postViews,class forotallersd.Regular]; default message [Property [{0}] of class [{1}] cannot be null]
forotallersd.User : (unsaved)

	at forotallersd.RegularSpec.Testing Domain Class Regular - postViews(RegularSpec.groovy:27)

Testcase: test regular attribute postViews: -1, field: minValue, valid: false  took 0.072 sec
	FAILED
Condition not satisfied:

t_regular_postViews.errors.hasFieldErrors("postViews") == false
|                   |      |                           |
|                   |      true                        false
|                   org.codehaus.groovy.grails.plugins.testing.GrailsMockErrors: 1 errors
|                   Field error in object 'forotallersd.Regular' on field 'postViews': rejected value [-1]; codes [forotallersd.Regular.postViews.min.error.forotallersd.Regular.postViews,forotallersd.Regular.postViews.min.error.postViews,forotallersd.Regular.postViews.min.error.java.lang.Integer,forotallersd.Regular.postViews.min.error,regular.postViews.min.error.forotallersd.Regular.postViews,regular.postViews.min.error.postViews,regular.postViews.min.error.java.lang.Integer,regular.postViews.min.error,forotallersd.Regular.postViews.min.notmet.forotallersd.Regular.postViews,forotallersd.Regular.postViews.min.notmet.postViews,forotallersd.Regular.postViews.min.notmet.java.lang.Integer,forotallersd.Regular.postViews.min.notmet,regular.postViews.min.notmet.forotallersd.Regular.postViews,regular.postViews.min.notmet.postViews,regular.postViews.min.notmet.java.lang.Integer,regular.postViews.min.notmet,min.notmet.forotallersd.Regular.postViews,min.notmet.postViews,min.notmet.java.lang.Integer,min.notmet]; arguments [postViews,class forotallersd.Regular,-1,0]; default message [Property [{0}] of class [{1}] with value [{2}] is less than minimum value [{3}]]
forotallersd.User : (unsaved)

junit.framework.AssertionFailedError: Condition not satisfied:

t_regular_postViews.errors.hasFieldErrors("postViews") == false
|                   |      |                           |
|                   |      true                        false
|                   org.codehaus.groovy.grails.plugins.testing.GrailsMockErrors: 1 errors
|                   Field error in object 'forotallersd.Regular' on field 'postViews': rejected value [-1]; codes [forotallersd.Regular.postViews.min.error.forotallersd.Regular.postViews,forotallersd.Regular.postViews.min.error.postViews,forotallersd.Regular.postViews.min.error.java.lang.Integer,forotallersd.Regular.postViews.min.error,regular.postViews.min.error.forotallersd.Regular.postViews,regular.postViews.min.error.postViews,regular.postViews.min.error.java.lang.Integer,regular.postViews.min.error,forotallersd.Regular.postViews.min.notmet.forotallersd.Regular.postViews,forotallersd.Regular.postViews.min.notmet.postViews,forotallersd.Regular.postViews.min.notmet.java.lang.Integer,forotallersd.Regular.postViews.min.notmet,regular.postViews.min.notmet.forotallersd.Regular.postViews,regular.postViews.min.notmet.postViews,regular.postViews.min.notmet.java.lang.Integer,regular.postViews.min.notmet,min.notmet.forotallersd.Regular.postViews,min.notmet.postViews,min.notmet.java.lang.Integer,min.notmet]; arguments [postViews,class forotallersd.Regular,-1,0]; default message [Property [{0}] of class [{1}] with value [{2}] is less than minimum value [{3}]]
forotallersd.User : (unsaved)

	at forotallersd.RegularSpec.Testing Domain Class Regular - postViews(RegularSpec.groovy:27)

Testcase: test regular attribute postViews: 0, field: Value, valid: true  took 0.059 sec
Testcase: test regular attribute postViews: 20, field: Value, valid: true  took 0.041 sec
Testcase: test regular attribute strikesNumber: null, field: null, valid: false  took 0.042 sec
	FAILED
Condition not satisfied:

t_regular_strikesNumber.errors.hasFieldErrors("strikesNumber") == false
|                       |      |                               |
|                       |      true                            false
|                       org.codehaus.groovy.grails.plugins.testing.GrailsMockErrors: 1 errors
|                       Field error in object 'forotallersd.Regular' on field 'strikesNumber': rejected value [null]; codes [forotallersd.Regular.strikesNumber.nullable.error.forotallersd.Regular.strikesNumber,forotallersd.Regular.strikesNumber.nullable.error.strikesNumber,forotallersd.Regular.strikesNumber.nullable.error.java.lang.Integer,forotallersd.Regular.strikesNumber.nullable.error,regular.strikesNumber.nullable.error.forotallersd.Regular.strikesNumber,regular.strikesNumber.nullable.error.strikesNumber,regular.strikesNumber.nullable.error.java.lang.Integer,regular.strikesNumber.nullable.error,forotallersd.Regular.strikesNumber.nullable.forotallersd.Regular.strikesNumber,forotallersd.Regular.strikesNumber.nullable.strikesNumber,forotallersd.Regular.strikesNumber.nullable.java.lang.Integer,forotallersd.Regular.strikesNumber.nullable,regular.strikesNumber.nullable.forotallersd.Regular.strikesNumber,regular.strikesNumber.nullable.strikesNumber,regular.strikesNumber.nullable.java.lang.Integer,regular.strikesNumber.nullable,nullable.forotallersd.Regular.strikesNumber,nullable.strikesNumber,nullable.java.lang.Integer,nullable]; arguments [strikesNumber,class forotallersd.Regular]; default message [Property [{0}] of class [{1}] cannot be null]
forotallersd.User : (unsaved)

junit.framework.AssertionFailedError: Condition not satisfied:

t_regular_strikesNumber.errors.hasFieldErrors("strikesNumber") == false
|                       |      |                               |
|                       |      true                            false
|                       org.codehaus.groovy.grails.plugins.testing.GrailsMockErrors: 1 errors
|                       Field error in object 'forotallersd.Regular' on field 'strikesNumber': rejected value [null]; codes [forotallersd.Regular.strikesNumber.nullable.error.forotallersd.Regular.strikesNumber,forotallersd.Regular.strikesNumber.nullable.error.strikesNumber,forotallersd.Regular.strikesNumber.nullable.error.java.lang.Integer,forotallersd.Regular.strikesNumber.nullable.error,regular.strikesNumber.nullable.error.forotallersd.Regular.strikesNumber,regular.strikesNumber.nullable.error.strikesNumber,regular.strikesNumber.nullable.error.java.lang.Integer,regular.strikesNumber.nullable.error,forotallersd.Regular.strikesNumber.nullable.forotallersd.Regular.strikesNumber,forotallersd.Regular.strikesNumber.nullable.strikesNumber,forotallersd.Regular.strikesNumber.nullable.java.lang.Integer,forotallersd.Regular.strikesNumber.nullable,regular.strikesNumber.nullable.forotallersd.Regular.strikesNumber,regular.strikesNumber.nullable.strikesNumber,regular.strikesNumber.nullable.java.lang.Integer,regular.strikesNumber.nullable,nullable.forotallersd.Regular.strikesNumber,nullable.strikesNumber,nullable.java.lang.Integer,nullable]; arguments [strikesNumber,class forotallersd.Regular]; default message [Property [{0}] of class [{1}] cannot be null]
forotallersd.User : (unsaved)

	at forotallersd.RegularSpec.Testing Domain Class Regular - strikesNumber(RegularSpec.groovy:44)

Testcase: test regular attribute strikesNumber: -1, field: minValue, valid: false  took 0.041 sec
	FAILED
Condition not satisfied:

t_regular_strikesNumber.errors.hasFieldErrors("strikesNumber") == false
|                       |      |                               |
|                       |      true                            false
|                       org.codehaus.groovy.grails.plugins.testing.GrailsMockErrors: 1 errors
|                       Field error in object 'forotallersd.Regular' on field 'strikesNumber': rejected value [-1]; codes [forotallersd.Regular.strikesNumber.range.error.forotallersd.Regular.strikesNumber,forotallersd.Regular.strikesNumber.range.error.strikesNumber,forotallersd.Regular.strikesNumber.range.error.java.lang.Integer,forotallersd.Regular.strikesNumber.range.error,regular.strikesNumber.range.error.forotallersd.Regular.strikesNumber,regular.strikesNumber.range.error.strikesNumber,regular.strikesNumber.range.error.java.lang.Integer,regular.strikesNumber.range.error,forotallersd.Regular.strikesNumber.range.toosmall.forotallersd.Regular.strikesNumber,forotallersd.Regular.strikesNumber.range.toosmall.strikesNumber,forotallersd.Regular.strikesNumber.range.toosmall.java.lang.Integer,forotallersd.Regular.strikesNumber.range.toosmall,regular.strikesNumber.range.toosmall.forotallersd.Regular.strikesNumber,regular.strikesNumber.range.toosmall.strikesNumber,regular.strikesNumber.range.toosmall.java.lang.Integer,regular.strikesNumber.range.toosmall,range.toosmall.forotallersd.Regular.strikesNumber,range.toosmall.strikesNumber,range.toosmall.java.lang.Integer,range.toosmall]; arguments [strikesNumber,class forotallersd.Regular,-1,0,3]; default message [Property [{0}] of class [{1}] with value [{2}] does not fall within the valid range from [{3}] to [{4}]]
forotallersd.User : (unsaved)

junit.framework.AssertionFailedError: Condition not satisfied:

t_regular_strikesNumber.errors.hasFieldErrors("strikesNumber") == false
|                       |      |                               |
|                       |      true                            false
|                       org.codehaus.groovy.grails.plugins.testing.GrailsMockErrors: 1 errors
|                       Field error in object 'forotallersd.Regular' on field 'strikesNumber': rejected value [-1]; codes [forotallersd.Regular.strikesNumber.range.error.forotallersd.Regular.strikesNumber,forotallersd.Regular.strikesNumber.range.error.strikesNumber,forotallersd.Regular.strikesNumber.range.error.java.lang.Integer,forotallersd.Regular.strikesNumber.range.error,regular.strikesNumber.range.error.forotallersd.Regular.strikesNumber,regular.strikesNumber.range.error.strikesNumber,regular.strikesNumber.range.error.java.lang.Integer,regular.strikesNumber.range.error,forotallersd.Regular.strikesNumber.range.toosmall.forotallersd.Regular.strikesNumber,forotallersd.Regular.strikesNumber.range.toosmall.strikesNumber,forotallersd.Regular.strikesNumber.range.toosmall.java.lang.Integer,forotallersd.Regular.strikesNumber.range.toosmall,regular.strikesNumber.range.toosmall.forotallersd.Regular.strikesNumber,regular.strikesNumber.range.toosmall.strikesNumber,regular.strikesNumber.range.toosmall.java.lang.Integer,regular.strikesNumber.range.toosmall,range.toosmall.forotallersd.Regular.strikesNumber,range.toosmall.strikesNumber,range.toosmall.java.lang.Integer,range.toosmall]; arguments [strikesNumber,class forotallersd.Regular,-1,0,3]; default message [Property [{0}] of class [{1}] with value [{2}] does not fall within the valid range from [{3}] to [{4}]]
forotallersd.User : (unsaved)

	at forotallersd.RegularSpec.Testing Domain Class Regular - strikesNumber(RegularSpec.groovy:44)

Testcase: test regular attribute strikesNumber: 4, field: maxValue, valid: false  took 0.054 sec
	FAILED
Condition not satisfied:

t_regular_strikesNumber.errors.hasFieldErrors("strikesNumber") == false
|                       |      |                               |
|                       |      true                            false
|                       org.codehaus.groovy.grails.plugins.testing.GrailsMockErrors: 1 errors
|                       Field error in object 'forotallersd.Regular' on field 'strikesNumber': rejected value [4]; codes [forotallersd.Regular.strikesNumber.range.error.forotallersd.Regular.strikesNumber,forotallersd.Regular.strikesNumber.range.error.strikesNumber,forotallersd.Regular.strikesNumber.range.error.java.lang.Integer,forotallersd.Regular.strikesNumber.range.error,regular.strikesNumber.range.error.forotallersd.Regular.strikesNumber,regular.strikesNumber.range.error.strikesNumber,regular.strikesNumber.range.error.java.lang.Integer,regular.strikesNumber.range.error,forotallersd.Regular.strikesNumber.range.toobig.forotallersd.Regular.strikesNumber,forotallersd.Regular.strikesNumber.range.toobig.strikesNumber,forotallersd.Regular.strikesNumber.range.toobig.java.lang.Integer,forotallersd.Regular.strikesNumber.range.toobig,regular.strikesNumber.range.toobig.forotallersd.Regular.strikesNumber,regular.strikesNumber.range.toobig.strikesNumber,regular.strikesNumber.range.toobig.java.lang.Integer,regular.strikesNumber.range.toobig,range.toobig.forotallersd.Regular.strikesNumber,range.toobig.strikesNumber,range.toobig.java.lang.Integer,range.toobig]; arguments [strikesNumber,class forotallersd.Regular,4,0,3]; default message [Property [{0}] of class [{1}] with value [{2}] does not fall within the valid range from [{3}] to [{4}]]
forotallersd.User : (unsaved)

junit.framework.AssertionFailedError: Condition not satisfied:

t_regular_strikesNumber.errors.hasFieldErrors("strikesNumber") == false
|                       |      |                               |
|                       |      true                            false
|                       org.codehaus.groovy.grails.plugins.testing.GrailsMockErrors: 1 errors
|                       Field error in object 'forotallersd.Regular' on field 'strikesNumber': rejected value [4]; codes [forotallersd.Regular.strikesNumber.range.error.forotallersd.Regular.strikesNumber,forotallersd.Regular.strikesNumber.range.error.strikesNumber,forotallersd.Regular.strikesNumber.range.error.java.lang.Integer,forotallersd.Regular.strikesNumber.range.error,regular.strikesNumber.range.error.forotallersd.Regular.strikesNumber,regular.strikesNumber.range.error.strikesNumber,regular.strikesNumber.range.error.java.lang.Integer,regular.strikesNumber.range.error,forotallersd.Regular.strikesNumber.range.toobig.forotallersd.Regular.strikesNumber,forotallersd.Regular.strikesNumber.range.toobig.strikesNumber,forotallersd.Regular.strikesNumber.range.toobig.java.lang.Integer,forotallersd.Regular.strikesNumber.range.toobig,regular.strikesNumber.range.toobig.forotallersd.Regular.strikesNumber,regular.strikesNumber.range.toobig.strikesNumber,regular.strikesNumber.range.toobig.java.lang.Integer,regular.strikesNumber.range.toobig,range.toobig.forotallersd.Regular.strikesNumber,range.toobig.strikesNumber,range.toobig.java.lang.Integer,range.toobig]; arguments [strikesNumber,class forotallersd.Regular,4,0,3]; default message [Property [{0}] of class [{1}] with value [{2}] does not fall within the valid range from [{3}] to [{4}]]
forotallersd.User : (unsaved)

	at forotallersd.RegularSpec.Testing Domain Class Regular - strikesNumber(RegularSpec.groovy:44)

Testcase: test regular attribute strikesNumber: 2, field: Value, valid: true  took 0.052 sec
Testcase: test regular attribute starsNumber: null, field: null, valid: false  took 0.043 sec
	FAILED
Condition not satisfied:

t_regular_starsNumber.errors.hasFieldErrors("starsNumber") == false
|                     |      |                             |
|                     |      true                          false
|                     org.codehaus.groovy.grails.plugins.testing.GrailsMockErrors: 1 errors
|                     Field error in object 'forotallersd.Regular' on field 'starsNumber': rejected value [null]; codes [forotallersd.Regular.starsNumber.nullable.error.forotallersd.Regular.starsNumber,forotallersd.Regular.starsNumber.nullable.error.starsNumber,forotallersd.Regular.starsNumber.nullable.error.java.lang.Integer,forotallersd.Regular.starsNumber.nullable.error,regular.starsNumber.nullable.error.forotallersd.Regular.starsNumber,regular.starsNumber.nullable.error.starsNumber,regular.starsNumber.nullable.error.java.lang.Integer,regular.starsNumber.nullable.error,forotallersd.Regular.starsNumber.nullable.forotallersd.Regular.starsNumber,forotallersd.Regular.starsNumber.nullable.starsNumber,forotallersd.Regular.starsNumber.nullable.java.lang.Integer,forotallersd.Regular.starsNumber.nullable,regular.starsNumber.nullable.forotallersd.Regular.starsNumber,regular.starsNumber.nullable.starsNumber,regular.starsNumber.nullable.java.lang.Integer,regular.starsNumber.nullable,nullable.forotallersd.Regular.starsNumber,nullable.starsNumber,nullable.java.lang.Integer,nullable]; arguments [starsNumber,class forotallersd.Regular]; default message [Property [{0}] of class [{1}] cannot be null]
forotallersd.User : (unsaved)

junit.framework.AssertionFailedError: Condition not satisfied:

t_regular_starsNumber.errors.hasFieldErrors("starsNumber") == false
|                     |      |                             |
|                     |      true                          false
|                     org.codehaus.groovy.grails.plugins.testing.GrailsMockErrors: 1 errors
|                     Field error in object 'forotallersd.Regular' on field 'starsNumber': rejected value [null]; codes [forotallersd.Regular.starsNumber.nullable.error.forotallersd.Regular.starsNumber,forotallersd.Regular.starsNumber.nullable.error.starsNumber,forotallersd.Regular.starsNumber.nullable.error.java.lang.Integer,forotallersd.Regular.starsNumber.nullable.error,regular.starsNumber.nullable.error.forotallersd.Regular.starsNumber,regular.starsNumber.nullable.error.starsNumber,regular.starsNumber.nullable.error.java.lang.Integer,regular.starsNumber.nullable.error,forotallersd.Regular.starsNumber.nullable.forotallersd.Regular.starsNumber,forotallersd.Regular.starsNumber.nullable.starsNumber,forotallersd.Regular.starsNumber.nullable.java.lang.Integer,forotallersd.Regular.starsNumber.nullable,regular.starsNumber.nullable.forotallersd.Regular.starsNumber,regular.starsNumber.nullable.starsNumber,regular.starsNumber.nullable.java.lang.Integer,regular.starsNumber.nullable,nullable.forotallersd.Regular.starsNumber,nullable.starsNumber,nullable.java.lang.Integer,nullable]; arguments [starsNumber,class forotallersd.Regular]; default message [Property [{0}] of class [{1}] cannot be null]
forotallersd.User : (unsaved)

	at forotallersd.RegularSpec.Testing Domain Class Regular - starsNumber(RegularSpec.groovy:61)

Testcase: test regular attribute starsNumber: -1, field: minValue, valid: false  took 0.04 sec
	FAILED
Condition not satisfied:

t_regular_starsNumber.errors.hasFieldErrors("starsNumber") == false
|                     |      |                             |
|                     |      true                          false
|                     org.codehaus.groovy.grails.plugins.testing.GrailsMockErrors: 1 errors
|                     Field error in object 'forotallersd.Regular' on field 'starsNumber': rejected value [-1]; codes [forotallersd.Regular.starsNumber.range.error.forotallersd.Regular.starsNumber,forotallersd.Regular.starsNumber.range.error.starsNumber,forotallersd.Regular.starsNumber.range.error.java.lang.Integer,forotallersd.Regular.starsNumber.range.error,regular.starsNumber.range.error.forotallersd.Regular.starsNumber,regular.starsNumber.range.error.starsNumber,regular.starsNumber.range.error.java.lang.Integer,regular.starsNumber.range.error,forotallersd.Regular.starsNumber.range.toosmall.forotallersd.Regular.starsNumber,forotallersd.Regular.starsNumber.range.toosmall.starsNumber,forotallersd.Regular.starsNumber.range.toosmall.java.lang.Integer,forotallersd.Regular.starsNumber.range.toosmall,regular.starsNumber.range.toosmall.forotallersd.Regular.starsNumber,regular.starsNumber.range.toosmall.starsNumber,regular.starsNumber.range.toosmall.java.lang.Integer,regular.starsNumber.range.toosmall,range.toosmall.forotallersd.Regular.starsNumber,range.toosmall.starsNumber,range.toosmall.java.lang.Integer,range.toosmall]; arguments [starsNumber,class forotallersd.Regular,-1,0,5]; default message [Property [{0}] of class [{1}] with value [{2}] does not fall within the valid range from [{3}] to [{4}]]
forotallersd.User : (unsaved)

junit.framework.AssertionFailedError: Condition not satisfied:

t_regular_starsNumber.errors.hasFieldErrors("starsNumber") == false
|                     |      |                             |
|                     |      true                          false
|                     org.codehaus.groovy.grails.plugins.testing.GrailsMockErrors: 1 errors
|                     Field error in object 'forotallersd.Regular' on field 'starsNumber': rejected value [-1]; codes [forotallersd.Regular.starsNumber.range.error.forotallersd.Regular.starsNumber,forotallersd.Regular.starsNumber.range.error.starsNumber,forotallersd.Regular.starsNumber.range.error.java.lang.Integer,forotallersd.Regular.starsNumber.range.error,regular.starsNumber.range.error.forotallersd.Regular.starsNumber,regular.starsNumber.range.error.starsNumber,regular.starsNumber.range.error.java.lang.Integer,regular.starsNumber.range.error,forotallersd.Regular.starsNumber.range.toosmall.forotallersd.Regular.starsNumber,forotallersd.Regular.starsNumber.range.toosmall.starsNumber,forotallersd.Regular.starsNumber.range.toosmall.java.lang.Integer,forotallersd.Regular.starsNumber.range.toosmall,regular.starsNumber.range.toosmall.forotallersd.Regular.starsNumber,regular.starsNumber.range.toosmall.starsNumber,regular.starsNumber.range.toosmall.java.lang.Integer,regular.starsNumber.range.toosmall,range.toosmall.forotallersd.Regular.starsNumber,range.toosmall.starsNumber,range.toosmall.java.lang.Integer,range.toosmall]; arguments [starsNumber,class forotallersd.Regular,-1,0,5]; default message [Property [{0}] of class [{1}] with value [{2}] does not fall within the valid range from [{3}] to [{4}]]
forotallersd.User : (unsaved)

	at forotallersd.RegularSpec.Testing Domain Class Regular - starsNumber(RegularSpec.groovy:61)

Testcase: test regular attribute starsNumber: 6, field: maxValue, valid: false  took 0.077 sec
	FAILED
Condition not satisfied:

t_regular_starsNumber.errors.hasFieldErrors("starsNumber") == false
|                     |      |                             |
|                     |      true                          false
|                     org.codehaus.groovy.grails.plugins.testing.GrailsMockErrors: 1 errors
|                     Field error in object 'forotallersd.Regular' on field 'starsNumber': rejected value [6]; codes [forotallersd.Regular.starsNumber.range.error.forotallersd.Regular.starsNumber,forotallersd.Regular.starsNumber.range.error.starsNumber,forotallersd.Regular.starsNumber.range.error.java.lang.Integer,forotallersd.Regular.starsNumber.range.error,regular.starsNumber.range.error.forotallersd.Regular.starsNumber,regular.starsNumber.range.error.starsNumber,regular.starsNumber.range.error.java.lang.Integer,regular.starsNumber.range.error,forotallersd.Regular.starsNumber.range.toobig.forotallersd.Regular.starsNumber,forotallersd.Regular.starsNumber.range.toobig.starsNumber,forotallersd.Regular.starsNumber.range.toobig.java.lang.Integer,forotallersd.Regular.starsNumber.range.toobig,regular.starsNumber.range.toobig.forotallersd.Regular.starsNumber,regular.starsNumber.range.toobig.starsNumber,regular.starsNumber.range.toobig.java.lang.Integer,regular.starsNumber.range.toobig,range.toobig.forotallersd.Regular.starsNumber,range.toobig.starsNumber,range.toobig.java.lang.Integer,range.toobig]; arguments [starsNumber,class forotallersd.Regular,6,0,5]; default message [Property [{0}] of class [{1}] with value [{2}] does not fall within the valid range from [{3}] to [{4}]]
forotallersd.User : (unsaved)

junit.framework.AssertionFailedError: Condition not satisfied:

t_regular_starsNumber.errors.hasFieldErrors("starsNumber") == false
|                     |      |                             |
|                     |      true                          false
|                     org.codehaus.groovy.grails.plugins.testing.GrailsMockErrors: 1 errors
|                     Field error in object 'forotallersd.Regular' on field 'starsNumber': rejected value [6]; codes [forotallersd.Regular.starsNumber.range.error.forotallersd.Regular.starsNumber,forotallersd.Regular.starsNumber.range.error.starsNumber,forotallersd.Regular.starsNumber.range.error.java.lang.Integer,forotallersd.Regular.starsNumber.range.error,regular.starsNumber.range.error.forotallersd.Regular.starsNumber,regular.starsNumber.range.error.starsNumber,regular.starsNumber.range.error.java.lang.Integer,regular.starsNumber.range.error,forotallersd.Regular.starsNumber.range.toobig.forotallersd.Regular.starsNumber,forotallersd.Regular.starsNumber.range.toobig.starsNumber,forotallersd.Regular.starsNumber.range.toobig.java.lang.Integer,forotallersd.Regular.starsNumber.range.toobig,regular.starsNumber.range.toobig.forotallersd.Regular.starsNumber,regular.starsNumber.range.toobig.starsNumber,regular.starsNumber.range.toobig.java.lang.Integer,regular.starsNumber.range.toobig,range.toobig.forotallersd.Regular.starsNumber,range.toobig.starsNumber,range.toobig.java.lang.Integer,range.toobig]; arguments [starsNumber,class forotallersd.Regular,6,0,5]; default message [Property [{0}] of class [{1}] with value [{2}] does not fall within the valid range from [{3}] to [{4}]]
forotallersd.User : (unsaved)

	at forotallersd.RegularSpec.Testing Domain Class Regular - starsNumber(RegularSpec.groovy:61)

Testcase: test regular attribute starsNumber: 4, field: Value, valid: true  took 0.06 sec
