Testsuite: forotallersd.FileSpec
Tests run: 10, Failures: 0, Errors: 10, Time elapsed: 0.731 sec
------------- Standard Output ---------------
--Output from test File attribute fileType: null, field: null, valid: false--
--Output from test File attribute fileType: /a, field: matches, valid: false--
--Output from test File attribute fileType: a/b, field: matches, valid: true--
--Output from test File attribute fileType: b/, field: matches, valid: false--
--Output from test File attribute content: null, field: null, valid: false--
--Output from test File attribute content: [], field: null, valid: false--
--Output from test File attribute size: null, field: null, valid: false--
--Output from test File attribute size: -1, field: minValue, valid: false--
--Output from test File attribute size: 1.0E+21, field: maxValue, valid: false--
--Output from test File attribute size: 10000, field: Value, valid: true--
------------- ---------------- ---------------
------------- Standard Error -----------------
--Output from test File attribute fileType: null, field: null, valid: false--
--Output from test File attribute fileType: /a, field: matches, valid: false--
--Output from test File attribute fileType: a/b, field: matches, valid: true--
--Output from test File attribute fileType: b/, field: matches, valid: false--
--Output from test File attribute content: null, field: null, valid: false--
--Output from test File attribute content: [], field: null, valid: false--
--Output from test File attribute size: null, field: null, valid: false--
--Output from test File attribute size: -1, field: minValue, valid: false--
--Output from test File attribute size: 1.0E+21, field: maxValue, valid: false--
--Output from test File attribute size: 10000, field: Value, valid: true--
------------- ---------------- ---------------

Testcase: test File attribute fileType: null, field: null, valid: false took 0.234 sec
	Caused an ERROR
Exception thrown applying constraint [max] to class [class forotallersd.File] for value [10000000]: Parameter for constraint [max] of property [size] of class [class forotallersd.File] must be the same type as property: [double]
org.codehaus.groovy.grails.validation.exceptions.ConstraintException: Exception thrown applying constraint [max] to class [class forotallersd.File] for value [10000000]: Parameter for constraint [max] of property [size] of class [class forotallersd.File] must be the same type as property: [double]
	at forotallersd.File._clinit__closure1(File.groovy:11)
	at grails.test.MockUtils.addValidateMethod(MockUtils.groovy:961)
	at grails.test.MockUtils.prepareForConstraintsTests(MockUtils.groovy:573)
	at grails.test.runtime.GrailsApplicationTestPlugin.mockForConstraintsTests(GrailsApplicationTestPlugin.groovy:252)
	at grails.test.runtime.GrailsApplicationTestPlugin.onTestEvent(GrailsApplicationTestPlugin.groovy:354)
	at grails.test.runtime.TestRuntime.deliverEvent(TestRuntime.groovy:295)
	at grails.test.runtime.TestRuntime.processEvents(TestRuntime.groovy:264)
	at grails.test.runtime.TestRuntime.doPublishEvent(TestRuntime.groovy:248)
	at grails.test.runtime.TestRuntime.publishEvent(TestRuntime.groovy:211)
	at grails.test.mixin.support.GrailsUnitTestMixin.mockForConstraintsTests(GrailsUnitTestMixin.groovy:56)
	at grails.test.mixin.support.GrailsUnitTestMixin.mockForConstraintsTests(GrailsUnitTestMixin.groovy:55)
	at forotallersd.FileSpec.setup(FileSpec.groovy:14)
Caused by: java.lang.IllegalArgumentException: Parameter for constraint [max] of property [size] of class [class forotallersd.File] must be the same type as property: [double]

Testcase: test File attribute fileType: /a, field: matches, valid: false took 0.061 sec
	Caused an ERROR
Exception thrown applying constraint [max] to class [class forotallersd.File] for value [10000000]: Parameter for constraint [max] of property [size] of class [class forotallersd.File] must be the same type as property: [double]
org.codehaus.groovy.grails.validation.exceptions.ConstraintException: Exception thrown applying constraint [max] to class [class forotallersd.File] for value [10000000]: Parameter for constraint [max] of property [size] of class [class forotallersd.File] must be the same type as property: [double]
	at forotallersd.File._clinit__closure1(File.groovy:11)
	at grails.test.MockUtils.addValidateMethod(MockUtils.groovy:961)
	at grails.test.MockUtils.prepareForConstraintsTests(MockUtils.groovy:573)
	at grails.test.runtime.GrailsApplicationTestPlugin.mockForConstraintsTests(GrailsApplicationTestPlugin.groovy:252)
	at grails.test.runtime.GrailsApplicationTestPlugin.onTestEvent(GrailsApplicationTestPlugin.groovy:354)
	at grails.test.runtime.TestRuntime.deliverEvent(TestRuntime.groovy:295)
	at grails.test.runtime.TestRuntime.processEvents(TestRuntime.groovy:264)
	at grails.test.runtime.TestRuntime.doPublishEvent(TestRuntime.groovy:248)
	at grails.test.runtime.TestRuntime.publishEvent(TestRuntime.groovy:211)
	at grails.test.mixin.support.GrailsUnitTestMixin.mockForConstraintsTests(GrailsUnitTestMixin.groovy:56)
	at grails.test.mixin.support.GrailsUnitTestMixin.mockForConstraintsTests(GrailsUnitTestMixin.groovy:55)
	at forotallersd.FileSpec.setup(FileSpec.groovy:14)
Caused by: java.lang.IllegalArgumentException: Parameter for constraint [max] of property [size] of class [class forotallersd.File] must be the same type as property: [double]

Testcase: test File attribute fileType: a/b, field: matches, valid: true took 0.075 sec
	Caused an ERROR
Exception thrown applying constraint [max] to class [class forotallersd.File] for value [10000000]: Parameter for constraint [max] of property [size] of class [class forotallersd.File] must be the same type as property: [double]
org.codehaus.groovy.grails.validation.exceptions.ConstraintException: Exception thrown applying constraint [max] to class [class forotallersd.File] for value [10000000]: Parameter for constraint [max] of property [size] of class [class forotallersd.File] must be the same type as property: [double]
	at forotallersd.File._clinit__closure1(File.groovy:11)
	at grails.test.MockUtils.addValidateMethod(MockUtils.groovy:961)
	at grails.test.MockUtils.prepareForConstraintsTests(MockUtils.groovy:573)
	at grails.test.runtime.GrailsApplicationTestPlugin.mockForConstraintsTests(GrailsApplicationTestPlugin.groovy:252)
	at grails.test.runtime.GrailsApplicationTestPlugin.onTestEvent(GrailsApplicationTestPlugin.groovy:354)
	at grails.test.runtime.TestRuntime.deliverEvent(TestRuntime.groovy:295)
	at grails.test.runtime.TestRuntime.processEvents(TestRuntime.groovy:264)
	at grails.test.runtime.TestRuntime.doPublishEvent(TestRuntime.groovy:248)
	at grails.test.runtime.TestRuntime.publishEvent(TestRuntime.groovy:211)
	at grails.test.mixin.support.GrailsUnitTestMixin.mockForConstraintsTests(GrailsUnitTestMixin.groovy:56)
	at grails.test.mixin.support.GrailsUnitTestMixin.mockForConstraintsTests(GrailsUnitTestMixin.groovy:55)
	at forotallersd.FileSpec.setup(FileSpec.groovy:14)
Caused by: java.lang.IllegalArgumentException: Parameter for constraint [max] of property [size] of class [class forotallersd.File] must be the same type as property: [double]

Testcase: test File attribute fileType: b/, field: matches, valid: false took 0.056 sec
	Caused an ERROR
Exception thrown applying constraint [max] to class [class forotallersd.File] for value [10000000]: Parameter for constraint [max] of property [size] of class [class forotallersd.File] must be the same type as property: [double]
org.codehaus.groovy.grails.validation.exceptions.ConstraintException: Exception thrown applying constraint [max] to class [class forotallersd.File] for value [10000000]: Parameter for constraint [max] of property [size] of class [class forotallersd.File] must be the same type as property: [double]
	at forotallersd.File._clinit__closure1(File.groovy:11)
	at grails.test.MockUtils.addValidateMethod(MockUtils.groovy:961)
	at grails.test.MockUtils.prepareForConstraintsTests(MockUtils.groovy:573)
	at grails.test.runtime.GrailsApplicationTestPlugin.mockForConstraintsTests(GrailsApplicationTestPlugin.groovy:252)
	at grails.test.runtime.GrailsApplicationTestPlugin.onTestEvent(GrailsApplicationTestPlugin.groovy:354)
	at grails.test.runtime.TestRuntime.deliverEvent(TestRuntime.groovy:295)
	at grails.test.runtime.TestRuntime.processEvents(TestRuntime.groovy:264)
	at grails.test.runtime.TestRuntime.doPublishEvent(TestRuntime.groovy:248)
	at grails.test.runtime.TestRuntime.publishEvent(TestRuntime.groovy:211)
	at grails.test.mixin.support.GrailsUnitTestMixin.mockForConstraintsTests(GrailsUnitTestMixin.groovy:56)
	at grails.test.mixin.support.GrailsUnitTestMixin.mockForConstraintsTests(GrailsUnitTestMixin.groovy:55)
	at forotallersd.FileSpec.setup(FileSpec.groovy:14)
Caused by: java.lang.IllegalArgumentException: Parameter for constraint [max] of property [size] of class [class forotallersd.File] must be the same type as property: [double]

Testcase: test File attribute content: null, field: null, valid: false took 0.031 sec
	Caused an ERROR
Exception thrown applying constraint [max] to class [class forotallersd.File] for value [10000000]: Parameter for constraint [max] of property [size] of class [class forotallersd.File] must be the same type as property: [double]
org.codehaus.groovy.grails.validation.exceptions.ConstraintException: Exception thrown applying constraint [max] to class [class forotallersd.File] for value [10000000]: Parameter for constraint [max] of property [size] of class [class forotallersd.File] must be the same type as property: [double]
	at forotallersd.File._clinit__closure1(File.groovy:11)
	at grails.test.MockUtils.addValidateMethod(MockUtils.groovy:961)
	at grails.test.MockUtils.prepareForConstraintsTests(MockUtils.groovy:573)
	at grails.test.runtime.GrailsApplicationTestPlugin.mockForConstraintsTests(GrailsApplicationTestPlugin.groovy:252)
	at grails.test.runtime.GrailsApplicationTestPlugin.onTestEvent(GrailsApplicationTestPlugin.groovy:354)
	at grails.test.runtime.TestRuntime.deliverEvent(TestRuntime.groovy:295)
	at grails.test.runtime.TestRuntime.processEvents(TestRuntime.groovy:264)
	at grails.test.runtime.TestRuntime.doPublishEvent(TestRuntime.groovy:248)
	at grails.test.runtime.TestRuntime.publishEvent(TestRuntime.groovy:211)
	at grails.test.mixin.support.GrailsUnitTestMixin.mockForConstraintsTests(GrailsUnitTestMixin.groovy:56)
	at grails.test.mixin.support.GrailsUnitTestMixin.mockForConstraintsTests(GrailsUnitTestMixin.groovy:55)
	at forotallersd.FileSpec.setup(FileSpec.groovy:14)
Caused by: java.lang.IllegalArgumentException: Parameter for constraint [max] of property [size] of class [class forotallersd.File] must be the same type as property: [double]

Testcase: test File attribute content: [], field: null, valid: false took 0.032 sec
	Caused an ERROR
Exception thrown applying constraint [max] to class [class forotallersd.File] for value [10000000]: Parameter for constraint [max] of property [size] of class [class forotallersd.File] must be the same type as property: [double]
org.codehaus.groovy.grails.validation.exceptions.ConstraintException: Exception thrown applying constraint [max] to class [class forotallersd.File] for value [10000000]: Parameter for constraint [max] of property [size] of class [class forotallersd.File] must be the same type as property: [double]
	at forotallersd.File._clinit__closure1(File.groovy:11)
	at grails.test.MockUtils.addValidateMethod(MockUtils.groovy:961)
	at grails.test.MockUtils.prepareForConstraintsTests(MockUtils.groovy:573)
	at grails.test.runtime.GrailsApplicationTestPlugin.mockForConstraintsTests(GrailsApplicationTestPlugin.groovy:252)
	at grails.test.runtime.GrailsApplicationTestPlugin.onTestEvent(GrailsApplicationTestPlugin.groovy:354)
	at grails.test.runtime.TestRuntime.deliverEvent(TestRuntime.groovy:295)
	at grails.test.runtime.TestRuntime.processEvents(TestRuntime.groovy:264)
	at grails.test.runtime.TestRuntime.doPublishEvent(TestRuntime.groovy:248)
	at grails.test.runtime.TestRuntime.publishEvent(TestRuntime.groovy:211)
	at grails.test.mixin.support.GrailsUnitTestMixin.mockForConstraintsTests(GrailsUnitTestMixin.groovy:56)
	at grails.test.mixin.support.GrailsUnitTestMixin.mockForConstraintsTests(GrailsUnitTestMixin.groovy:55)
	at forotallersd.FileSpec.setup(FileSpec.groovy:14)
Caused by: java.lang.IllegalArgumentException: Parameter for constraint [max] of property [size] of class [class forotallersd.File] must be the same type as property: [double]

Testcase: test File attribute size: null, field: null, valid: false took 0.029 sec
	Caused an ERROR
Exception thrown applying constraint [max] to class [class forotallersd.File] for value [10000000]: Parameter for constraint [max] of property [size] of class [class forotallersd.File] must be the same type as property: [double]
org.codehaus.groovy.grails.validation.exceptions.ConstraintException: Exception thrown applying constraint [max] to class [class forotallersd.File] for value [10000000]: Parameter for constraint [max] of property [size] of class [class forotallersd.File] must be the same type as property: [double]
	at forotallersd.File._clinit__closure1(File.groovy:11)
	at grails.test.MockUtils.addValidateMethod(MockUtils.groovy:961)
	at grails.test.MockUtils.prepareForConstraintsTests(MockUtils.groovy:573)
	at grails.test.runtime.GrailsApplicationTestPlugin.mockForConstraintsTests(GrailsApplicationTestPlugin.groovy:252)
	at grails.test.runtime.GrailsApplicationTestPlugin.onTestEvent(GrailsApplicationTestPlugin.groovy:354)
	at grails.test.runtime.TestRuntime.deliverEvent(TestRuntime.groovy:295)
	at grails.test.runtime.TestRuntime.processEvents(TestRuntime.groovy:264)
	at grails.test.runtime.TestRuntime.doPublishEvent(TestRuntime.groovy:248)
	at grails.test.runtime.TestRuntime.publishEvent(TestRuntime.groovy:211)
	at grails.test.mixin.support.GrailsUnitTestMixin.mockForConstraintsTests(GrailsUnitTestMixin.groovy:56)
	at grails.test.mixin.support.GrailsUnitTestMixin.mockForConstraintsTests(GrailsUnitTestMixin.groovy:55)
	at forotallersd.FileSpec.setup(FileSpec.groovy:14)
Caused by: java.lang.IllegalArgumentException: Parameter for constraint [max] of property [size] of class [class forotallersd.File] must be the same type as property: [double]

Testcase: test File attribute size: -1, field: minValue, valid: false took 0.066 sec
	Caused an ERROR
Exception thrown applying constraint [max] to class [class forotallersd.File] for value [10000000]: Parameter for constraint [max] of property [size] of class [class forotallersd.File] must be the same type as property: [double]
org.codehaus.groovy.grails.validation.exceptions.ConstraintException: Exception thrown applying constraint [max] to class [class forotallersd.File] for value [10000000]: Parameter for constraint [max] of property [size] of class [class forotallersd.File] must be the same type as property: [double]
	at forotallersd.File._clinit__closure1(File.groovy:11)
	at grails.test.MockUtils.addValidateMethod(MockUtils.groovy:961)
	at grails.test.MockUtils.prepareForConstraintsTests(MockUtils.groovy:573)
	at grails.test.runtime.GrailsApplicationTestPlugin.mockForConstraintsTests(GrailsApplicationTestPlugin.groovy:252)
	at grails.test.runtime.GrailsApplicationTestPlugin.onTestEvent(GrailsApplicationTestPlugin.groovy:354)
	at grails.test.runtime.TestRuntime.deliverEvent(TestRuntime.groovy:295)
	at grails.test.runtime.TestRuntime.processEvents(TestRuntime.groovy:264)
	at grails.test.runtime.TestRuntime.doPublishEvent(TestRuntime.groovy:248)
	at grails.test.runtime.TestRuntime.publishEvent(TestRuntime.groovy:211)
	at grails.test.mixin.support.GrailsUnitTestMixin.mockForConstraintsTests(GrailsUnitTestMixin.groovy:56)
	at grails.test.mixin.support.GrailsUnitTestMixin.mockForConstraintsTests(GrailsUnitTestMixin.groovy:55)
	at forotallersd.FileSpec.setup(FileSpec.groovy:14)
Caused by: java.lang.IllegalArgumentException: Parameter for constraint [max] of property [size] of class [class forotallersd.File] must be the same type as property: [double]

Testcase: test File attribute size: 1.0E+21, field: maxValue, valid: false took 0.052 sec
	Caused an ERROR
Exception thrown applying constraint [max] to class [class forotallersd.File] for value [10000000]: Parameter for constraint [max] of property [size] of class [class forotallersd.File] must be the same type as property: [double]
org.codehaus.groovy.grails.validation.exceptions.ConstraintException: Exception thrown applying constraint [max] to class [class forotallersd.File] for value [10000000]: Parameter for constraint [max] of property [size] of class [class forotallersd.File] must be the same type as property: [double]
	at forotallersd.File._clinit__closure1(File.groovy:11)
	at grails.test.MockUtils.addValidateMethod(MockUtils.groovy:961)
	at grails.test.MockUtils.prepareForConstraintsTests(MockUtils.groovy:573)
	at grails.test.runtime.GrailsApplicationTestPlugin.mockForConstraintsTests(GrailsApplicationTestPlugin.groovy:252)
	at grails.test.runtime.GrailsApplicationTestPlugin.onTestEvent(GrailsApplicationTestPlugin.groovy:354)
	at grails.test.runtime.TestRuntime.deliverEvent(TestRuntime.groovy:295)
	at grails.test.runtime.TestRuntime.processEvents(TestRuntime.groovy:264)
	at grails.test.runtime.TestRuntime.doPublishEvent(TestRuntime.groovy:248)
	at grails.test.runtime.TestRuntime.publishEvent(TestRuntime.groovy:211)
	at grails.test.mixin.support.GrailsUnitTestMixin.mockForConstraintsTests(GrailsUnitTestMixin.groovy:56)
	at grails.test.mixin.support.GrailsUnitTestMixin.mockForConstraintsTests(GrailsUnitTestMixin.groovy:55)
	at forotallersd.FileSpec.setup(FileSpec.groovy:14)
Caused by: java.lang.IllegalArgumentException: Parameter for constraint [max] of property [size] of class [class forotallersd.File] must be the same type as property: [double]

Testcase: test File attribute size: 10000, field: Value, valid: true took 0.049 sec
	Caused an ERROR
Exception thrown applying constraint [max] to class [class forotallersd.File] for value [10000000]: Parameter for constraint [max] of property [size] of class [class forotallersd.File] must be the same type as property: [double]
org.codehaus.groovy.grails.validation.exceptions.ConstraintException: Exception thrown applying constraint [max] to class [class forotallersd.File] for value [10000000]: Parameter for constraint [max] of property [size] of class [class forotallersd.File] must be the same type as property: [double]
	at forotallersd.File._clinit__closure1(File.groovy:11)
	at grails.test.MockUtils.addValidateMethod(MockUtils.groovy:961)
	at grails.test.MockUtils.prepareForConstraintsTests(MockUtils.groovy:573)
	at grails.test.runtime.GrailsApplicationTestPlugin.mockForConstraintsTests(GrailsApplicationTestPlugin.groovy:252)
	at grails.test.runtime.GrailsApplicationTestPlugin.onTestEvent(GrailsApplicationTestPlugin.groovy:354)
	at grails.test.runtime.TestRuntime.deliverEvent(TestRuntime.groovy:295)
	at grails.test.runtime.TestRuntime.processEvents(TestRuntime.groovy:264)
	at grails.test.runtime.TestRuntime.doPublishEvent(TestRuntime.groovy:248)
	at grails.test.runtime.TestRuntime.publishEvent(TestRuntime.groovy:211)
	at grails.test.mixin.support.GrailsUnitTestMixin.mockForConstraintsTests(GrailsUnitTestMixin.groovy:56)
	at grails.test.mixin.support.GrailsUnitTestMixin.mockForConstraintsTests(GrailsUnitTestMixin.groovy:55)
	at forotallersd.FileSpec.setup(FileSpec.groovy:14)
Caused by: java.lang.IllegalArgumentException: Parameter for constraint [max] of property [size] of class [class forotallersd.File] must be the same type as property: [double]

